Saving node 2614 [jid:6449]
Saving node 2615 [jid:6448]
Saving node 2616 [jid:6447]
Saving node 2617 [jid:6446]
Saving node 2618 [jid:6445]
Saving node 2619 [jid:6444]
Saving node 2620 [jid:6443]
Saving node 2621 [jid:6442]
Saving node 2622 [jid:6441]
Saving node 2623 [jid:6440]
Saving node 2624 [jid:6439]
Saving node 2625 [jid:6438]
Saving node 2626 [jid:6437]
Saving node 2627 [jid:6436]
Saving node 2628 [jid:6435]
Saving node 2629 [jid:6434]
Saving node 2630 [jid:6433]
Saving node 2631 [jid:6432]
Saving node 2632 [jid:6431]
Saving node 2633 [jid:6430]
Saving node 2634 [jid:6429]
Saving node 536 [jid:6428]
Saving node 2635 [jid:6427]
Saving node 2636 [jid:6426]
Saving node 2637 [jid:6425]
Saving node 2638 [jid:6424]
Saving node 2639 [jid:6423]
Saving node 2640 [jid:6422]
Saving node 2641 [jid:6421]
Saving node 2642 [jid:6420]
Saving node 2643 [jid:6419]
Saving node 2644 [jid:6418]
Saving node 8664 [jid:6417]
Saving node 2645 [jid:6416]
Saving node 2646 [jid:6415]
Saving node 2647 [jid:6414]
Saving node 537 [jid:6413]
Saving node 2648 [jid:6412]
Saving node 2649 [jid:6411]
Saving node 2650 [jid:6410]
Saving node 2651 [jid:6409]
Saving node 2652 [jid:6408]
Saving node 2653 [jid:6407]
Saving node 2654 [jid:6405]
Saving node 2655 [jid:6404]
Saving node 2656 [jid:6403]
Saving node 2657 [jid:6402]
Saving node 2658 [jid:6401]
Saving node 2659 [jid:6400]
Saving node 2660 [jid:6399]
Saving node 8665 [jid:6398]
Saving node 2661 [jid:6397]
Saving node 2662 [jid:6395]
Saving node 2663 [jid:6394]
Saving node 2664 [jid:6393]
Saving node 2665 [jid:6392]
Saving node 9127 [jid:6391]
Saving node 2666 [jid:6390]
Saving node 2667 [jid:6389]
Saving node 2668 [jid:6388]
Saving node 2669 [jid:6387]
Saving node 2670 [jid:6386]
Saving node 2671 [jid:6385]
Saving node 2672 [jid:6384]
Saving node 2673 [jid:6383]
Saving node 2674 [jid:6382]
Saving node 2675 [jid:6381]
Saving node 2676 [jid:6380]
Saving node 2677 [jid:6379]
Saving node 2678 [jid:6378]
Saving node 2679 [jid:6377]
Saving node 2680 [jid:6376]
Saving node 2681 [jid:6375]
Saving node 2682 [jid:6374]
Saving node 2683 [jid:6373]
Saving node 2684 [jid:6372]
Saving node 2685 [jid:6371]
Saving node 2686 [jid:6370]
Saving node 2687 [jid:6369]
Saving node 2688 [jid:6368]
Saving node 2689 [jid:6367]
Saving node 2690 [jid:6366]
Saving node 2691 [jid:6365]
Saving node 2692 [jid:6364]
Saving node 2693 [jid:6363]
Saving node 8666 [jid:6362]
Saving node 8667 [jid:6361]
Saving node 9283 [jid:6360]
Saving node 8668 [jid:6359]
Saving node 2694 [jid:6358]
Saving node 8669 [jid:6357]
Saving node 2695 [jid:6356]
Saving node 2696 [jid:6355]
Saving node 2697 [jid:6354]
Saving node 2698 [jid:6353]
Saving node 2699 [jid:6352]
Saving node 2700 [jid:6351]
Saving node 2701 [jid:6350]
Saving node 2702 [jid:6349]
Saving node 2703 [jid:6348]
Saving node 2704 [jid:6347]
Saving node 2705 [jid:6346]
Saving node 2706 [jid:6345]
Saving node 2707 [jid:6344]
Saving node 2708 [jid:6343]
Saving node 2709 [jid:6342]
Saving node 2710 [jid:6341]
Saving node 2711 [jid:6340]
Saving node 2712 [jid:6339]
Saving node 2713 [jid:6338]
Saving node 2714 [jid:6337]
Saving node 2715 [jid:6336]
Saving node 2716 [jid:6335]
Saving node 2717 [jid:6334]
Saving node 2718 [jid:6333]
Saving node 2719 [jid:6332]
Saving node 2720 [jid:6331]
Saving node 2721 [jid:6330]
Saving node 2722 [jid:6329]
Saving node 2723 [jid:6328]
Saving node 2724 [jid:6327]
Saving node 2725 [jid:6326]
Saving node 2726 [jid:6325]
Saving node 2727 [jid:6324]
Saving node 2728 [jid:6323]
Saving node 2729 [jid:6322]
Saving node 2730 [jid:6321]
Saving node 2731 [jid:6320]
Saving node 2732 [jid:6319]
Saving node 2733 [jid:6318]
Saving node 2734 [jid:6317]
Saving node 2735 [jid:6316]
Saving node 2736 [jid:6315]
Saving node 2737 [jid:6314]
Saving node 2738 [jid:6313]
Saving node 2739 [jid:6312]
Saving node 2740 [jid:6311]
Saving node 2741 [jid:6310]
Saving node 2742 [jid:6309]
Saving node 2743 [jid:6308]
Saving node 2744 [jid:6307]
Saving node 2745 [jid:6306]
Saving node 2746 [jid:6305]
Saving node 2747 [jid:6304]
Saving node 2748 [jid:6303]
Saving node 2749 [jid:6302]
Saving node 2750 [jid:6301]
Saving node 2751 [jid:6300]
Saving node 2752 [jid:6299]
Saving node 2753 [jid:6298]
Saving node 2754 [jid:6297]
Saving node 2755 [jid:6295]
Saving node 2756 [jid:6294]
Saving node 2757 [jid:6293]
Saving node 2758 [jid:6292]
Saving node 2759 [jid:6291]
Saving node 2760 [jid:6290]
Saving node 2761 [jid:6289]
Saving node 2762 [jid:6288]
Saving node 2763 [jid:6287]
Saving node 2764 [jid:6286]
Saving node 2765 [jid:6285]
Saving node 2766 [jid:6284]
Saving node 2767 [jid:6283]
Saving node 2768 [jid:6282]
Saving node 2769 [jid:6281]
Saving node 2770 [jid:6280]
Saving node 538 [jid:6279]
Saving node 2771 [jid:6278]
Saving node 2772 [jid:6277]
Saving node 2773 [jid:6276]
Saving node 2774 [jid:6275]
Saving node 9282 [jid:6274]
Saving node 2775 [jid:6273]
Saving node 8670 [jid:6272]
Saving node 2776 [jid:6271]
Saving node 2777 [jid:6270]
Saving node 2778 [jid:6269]
Saving node 2779 [jid:6268]
Saving node 2780 [jid:6267]
Saving node 2781 [jid:6266]
Saving node 2782 [jid:6265]
Saving node 2783 [jid:6264]
Saving node 2784 [jid:6263]
Saving node 2785 [jid:6262]
Saving node 2786 [jid:6261]
Saving node 2787 [jid:6260]
Saving node 2788 [jid:6259]
Saving node 2789 [jid:6258]
Saving node 2790 [jid:6257]
Saving node 539 [jid:6256]
Saving node 2791 [jid:6255]
Saving node 2792 [jid:6254]
Saving node 2793 [jid:6253]
Saving node 2794 [jid:6252]
Saving node 2795 [jid:6251]
Saving node 2796 [jid:6250]
Saving node 2797 [jid:6249]
Saving node 2798 [jid:6248]
Saving node 2799 [jid:6247]
Saving node 2800 [jid:6246]
Saving node 2801 [jid:6245]
Saving node 2802 [jid:6244]
Saving node 2803 [jid:6243]
Saving node 2804 [jid:6242]
Saving node 2805 [jid:6241]
Saving node 2806 [jid:6240]
Saving node 2807 [jid:6239]
Saving node 2808 [jid:6238]
Saving node 2809 [jid:6237]
Saving node 2810 [jid:6236]
Saving node 2811 [jid:6235]
Saving node 2812 [jid:6234]
Saving node 2813 [jid:6233]
Saving node 8510 [jid:6232]
Saving node 2814 [jid:6231]
Saving node 2815 [jid:6230]
Saving node 2816 [jid:6229]
Saving node 2817 [jid:6228]
Saving node 2818 [jid:6227]
Saving node 2819 [jid:6226]
Saving node 2820 [jid:6225]
Saving node 2821 [jid:6224]
Saving node 2822 [jid:6223]
Saving node 2823 [jid:6222]
Saving node 2824 [jid:6221]
Saving node 2825 [jid:6220]
Saving node 365 [jid:6219]
Saving node 2826 [jid:6218]
Saving node 2827 [jid:6217]
Saving node 2828 [jid:6216]
Saving node 2829 [jid:6215]
Saving node 2830 [jid:6214]
Saving node 2831 [jid:6213]
Saving node 540 [jid:6212]
Saving node 364 [jid:6211]
Saving node 363 [jid:6210]
Saving node 2832 [jid:6209]
Saving node 2833 [jid:6208]
Saving node 2834 [jid:6207]
Saving node 2835 [jid:6206]
Saving node 2836 [jid:6205]
Saving node 2837 [jid:6204]
Saving node 2838 [jid:6203]
Saving node 2839 [jid:6202]
Saving node 2840 [jid:6201]
Saving node 2841 [jid:6200]
Saving node 2842 [jid:6199]
Saving node 2843 [jid:6198]
Saving node 2844 [jid:6197]
Saving node 362 [jid:6196]
Saving node 8401 [jid:6195]
Saving node 2845 [jid:6194]
Saving node 2846 [jid:6193]
Saving node 2847 [jid:6192]
Saving node 2848 [jid:6191]
Saving node 2849 [jid:6190]
Saving node 2850 [jid:6189]
Saving node 2851 [jid:6188]
Saving node 2852 [jid:6187]
Saving node 2853 [jid:6186]
Saving node 2854 [jid:6185]
Saving node 8671 [jid:6184]
Saving node 8672 [jid:6183]
Saving node 8673 [jid:6182]
Saving node 2855 [jid:6181]
Saving node 2856 [jid:6180]
Saving node 2857 [jid:6179]
Saving node 2858 [jid:6178]
Saving node 8674 [jid:6177]
Saving node 2859 [jid:6176]
Saving node 2860 [jid:6175]
Saving node 2861 [jid:6174]
Saving node 2862 [jid:6173]
Saving node 2863 [jid:6172]
Saving node 2864 [jid:6171]
Saving node 2865 [jid:6170]
Saving node 2866 [jid:6169]
Saving node 2867 [jid:6168]
Saving node 2868 [jid:6167]
Saving node 2869 [jid:6166]
Saving node 2870 [jid:6165]
Saving node 2871 [jid:6164]
Saving node 2872 [jid:6163]
Saving node 2873 [jid:6162]
Saving node 2874 [jid:6161]
Saving node 2875 [jid:6160]
Saving node 2876 [jid:6159]
Saving node 2877 [jid:6158]
Saving node 2878 [jid:6157]
Saving node 2879 [jid:6156]
Saving node 2880 [jid:6155]
Saving node 2881 [jid:6154]
Saving node 2882 [jid:6153]
Saving node 2883 [jid:6152]
Saving node 2884 [jid:6151]
Saving node 2885 [jid:6150]
Saving node 8675 [jid:6149]
Saving node 2886 [jid:6148]
Saving node 8676 [jid:6147]
Saving node 8677 [jid:6146]
Saving node 2887 [jid:6145]
Saving node 2888 [jid:6144]
Saving node 8678 [jid:6143]
Saving node 8679 [jid:6142]
Saving node 2889 [jid:6141]
Saving node 2890 [jid:6140]
Saving node 2891 [jid:6139]
Saving node 8680 [jid:6137]
Saving node 8402 [jid:6136]
Saving node 2892 [jid:6135]
Saving node 8681 [jid:6134]
Saving node 8403 [jid:6133]
Saving node 8404 [jid:6132]
Saving node 361 [jid:6131]
Saving node 360 [jid:6130]
Saving node 359 [jid:6129]
Saving node 358 [jid:6128]
Saving node 8682 [jid:6127]
Saving node 8405 [jid:6126]
Saving node 8406 [jid:6125]
Saving node 2893 [jid:6124]
Saving node 357 [jid:6123]
Saving node 356 [jid:6122]
Saving node 8683 [jid:6121]
Saving node 2894 [jid:6120]
Saving node 2895 [jid:6119]
Saving node 2896 [jid:6118]
Saving node 2897 [jid:6117]
Saving node 355 [jid:6116]
Saving node 354 [jid:6115]
Saving node 2898 [jid:6114]
Saving node 2899 [jid:6113]
Saving node 2900 [jid:6112]
Saving node 2901 [jid:6111]
Saving node 8407 [jid:6110]
Saving node 353 [jid:6109]
Saving node 8684 [jid:6108]
Saving node 8408 [jid:6107]
Saving node 2902 [jid:6106]
Saving node 2903 [jid:6105]
Saving node 2904 [jid:6104]
Saving node 352 [jid:6103]
Saving node 2905 [jid:6102]
Saving node 2906 [jid:6101]
Saving node 2907 [jid:6100]
Saving node 2908 [jid:6099]
Saving node 2909 [jid:6098]
Saving node 2910 [jid:6097]
Saving node 2911 [jid:6096]
Saving node 2912 [jid:6095]
Saving node 2913 [jid:6094]
Saving node 2914 [jid:6093]
Saving node 2915 [jid:6092]
Saving node 2916 [jid:6091]
Saving node 2917 [jid:6090]
Saving node 2918 [jid:6089]
Saving node 2919 [jid:6088]
Saving node 2920 [jid:6087]
Saving node 2921 [jid:6086]
Saving node 2922 [jid:6085]
Saving node 2923 [jid:6084]
Saving node 2924 [jid:6083]
Saving node 2925 [jid:6082]
Saving node 2926 [jid:6081]
Saving node 2927 [jid:6080]
Saving node 2928 [jid:6079]
Saving node 2929 [jid:6078]
Saving node 2930 [jid:6077]
Saving node 2931 [jid:6076]
Saving node 2932 [jid:6075]
Saving node 2933 [jid:6074]
Saving node 2934 [jid:6073]
Saving node 2935 [jid:6072]
Saving node 2936 [jid:6071]
Saving node 2937 [jid:6070]
Saving node 2938 [jid:6069]
Saving node 2939 [jid:6068]
Saving node 2940 [jid:6067]
Saving node 2941 [jid:6066]
Saving node 2942 [jid:6065]
Saving node 2943 [jid:6064]
Saving node 9126 [jid:6063]
Saving node 9125 [jid:6062]
Saving node 9124 [jid:6061]
Saving node 2944 [jid:6059]
Saving node 2945 [jid:6058]
Saving node 2946 [jid:6057]
Saving node 2947 [jid:6056]
Saving node 2948 [jid:6055]
Saving node 2949 [jid:6054]
Saving node 2950 [jid:6053]
Saving node 8409 [jid:6052]
Saving node 2951 [jid:6051]
Saving node 2952 [jid:6050]
Saving node 9123 [jid:6049]
Saving node 8685 [jid:6048]
Saving node 2953 [jid:6047]
Saving node 2954 [jid:6046]
Saving node 2955 [jid:6045]
Saving node 2956 [jid:6044]
Saving node 2957 [jid:6043]
Saving node 2958 [jid:6042]
Saving node 2959 [jid:6041]
Saving node 2960 [jid:6040]
Saving node 2961 [jid:6039]
Saving node 2962 [jid:6038]
Saving node 2963 [jid:6037]
Saving node 2964 [jid:6036]
Saving node 351 [jid:6035]
Saving node 8410 [jid:6034]
Saving node 2965 [jid:6033]
Saving node 2966 [jid:6032]
Saving node 2967 [jid:6031]
Saving node 2968 [jid:6028]
Saving node 350 [jid:6027]
Saving node 8686 [jid:6026]
Saving node 2969 [jid:6025]
Saving node 2970 [jid:6024]
Saving node 2971 [jid:6023]
Saving node 2972 [jid:6022]
Saving node 2973 [jid:6021]
Saving node 2974 [jid:6020]
Saving node 2975 [jid:6019]
Saving node 2976 [jid:6018]
Saving node 2977 [jid:6017]
Saving node 2978 [jid:6016]
Saving node 2979 [jid:6015]
Saving node 2980 [jid:6014]
Saving node 2981 [jid:6013]
Saving node 2982 [jid:6012]
Saving node 2983 [jid:6011]
Saving node 2984 [jid:6010]
Saving node 2985 [jid:6009]
Saving node 2986 [jid:6008]
Saving node 2987 [jid:6007]
Saving node 2988 [jid:6006]
Saving node 2989 [jid:6005]
Saving node 2990 [jid:6004]
Saving node 2991 [jid:6003]
Saving node 2992 [jid:6002]
Saving node 2993 [jid:6001]
Saving node 2994 [jid:6000]
Saving node 2995 [jid:5999]
Saving node 2996 [jid:5998]
Saving node 2997 [jid:5997]
Saving node 2998 [jid:5996]
Saving node 2999 [jid:5995]
Saving node 3000 [jid:5994]
Saving node 3001 [jid:5993]
Saving node 3002 [jid:5992]
Saving node 3003 [jid:5991]
Saving node 3004 [jid:5990]
Saving node 8411 [jid:5988]
Saving node 3005 [jid:5987]
Saving node 3006 [jid:5986]
Saving node 349 [jid:5985]
Saving node 8687 [jid:5984]
Saving node 3007 [jid:5983]
Saving node 3008 [jid:5982]
Saving node 3009 [jid:5981]
Saving node 3010 [jid:5980]
Saving node 3011 [jid:5979]
Saving node 3012 [jid:5978]
Saving node 3013 [jid:5977]
Saving node 3014 [jid:5976]
Saving node 3015 [jid:5975]
Saving node 8688 [jid:5974]
Saving node 8689 [jid:5973]
Saving node 3016 [jid:5972]
Saving node 3017 [jid:5971]
Saving node 3018 [jid:5970]
Saving node 348 [jid:5969]
Saving node 3019 [jid:5968]
Saving node 3020 [jid:5967]
Saving node 3021 [jid:5966]
Saving node 3022 [jid:5965]
Saving node 3023 [jid:5964]
Saving node 3024 [jid:5963]
Saving node 3025 [jid:5962]
Saving node 3026 [jid:5961]
Saving node 3027 [jid:5960]
Saving node 3028 [jid:5959]
Saving node 3029 [jid:5958]
Saving node 3030 [jid:5957]
Saving node 3031 [jid:5956]
Saving node 3032 [jid:5955]
Saving node 3033 [jid:5954]
Saving node 3034 [jid:5953]
Saving node 3035 [jid:5951]
Saving node 3036 [jid:5950]
Saving node 3037 [jid:5949]
Saving node 3038 [jid:5948]
Saving node 3039 [jid:5947]
Saving node 3040 [jid:5946]
Saving node 3041 [jid:5945]
Saving node 3042 [jid:5944]
Saving node 3043 [jid:5943]
Saving node 3044 [jid:5942]
Saving node 3045 [jid:5941]
Saving node 3046 [jid:5940]
Saving node 3047 [jid:5939]
Saving node 3048 [jid:5938]
Saving node 3049 [jid:5937]
Saving node 3050 [jid:5936]
Saving node 3051 [jid:5935]
Saving node 3052 [jid:5934]
Saving node 3053 [jid:5933]
Saving node 3054 [jid:5932]
Saving node 3055 [jid:5931]
Saving node 3056 [jid:5930]
Saving node 3057 [jid:5929]
Saving node 3058 [jid:5928]
Saving node 3059 [jid:5927]
Saving node 3060 [jid:5926]
Saving node 3061 [jid:5925]
Saving node 3062 [jid:5924]
Saving node 3063 [jid:5923]
Saving node 3064 [jid:5922]
Saving node 3065 [jid:5921]
Saving node 3066 [jid:5920]
Saving node 3067 [jid:5919]
Saving node 3068 [jid:5918]
Saving node 3069 [jid:5916]
Saving node 3070 [jid:5915]
Saving node 3071 [jid:5914]
Saving node 3072 [jid:5913]
Saving node 8412 [jid:5912]
Saving node 3073 [jid:5911]
Saving node 3074 [jid:5910]
Saving node 3075 [jid:5909]
Saving node 8413 [jid:5908]
Saving node 3076 [jid:5907]
Saving node 8690 [jid:5906]
Saving node 3077 [jid:5905]
Saving node 3078 [jid:5904]
Saving node 3079 [jid:5903]
Saving node 3080 [jid:5902]
Saving node 3081 [jid:5901]
Saving node 3082 [jid:5900]
Saving node 3083 [jid:5899]
Saving node 3084 [jid:5898]
Saving node 3085 [jid:5897]
Saving node 3086 [jid:5896]
Saving node 3087 [jid:5895]
Saving node 3088 [jid:5894]
Saving node 8691 [jid:5893]
Saving node 3089 [jid:5891]
Saving node 347 [jid:5890]
Saving node 3090 [jid:5889]
Saving node 9122 [jid:5888]
Saving node 8692 [jid:5887]
Saving node 3091 [jid:5886]
Saving node 3092 [jid:5885]
Saving node 3093 [jid:5884]
Saving node 3094 [jid:5883]
Saving node 3095 [jid:5882]
Saving node 9121 [jid:5881]
Saving node 3096 [jid:5880]
Saving node 9120 [jid:5879]
Saving node 3097 [jid:5878]
Saving node 3098 [jid:5877]
Saving node 9119 [jid:5876]
Saving node 9118 [jid:5875]
Saving node 3099 [jid:5874]
Saving node 3100 [jid:5873]
Saving node 3101 [jid:5872]
Saving node 3102 [jid:5871]
Saving node 3103 [jid:5870]
Saving node 3104 [jid:5869]
Saving node 3105 [jid:5868]
Saving node 8693 [jid:5867]
Saving node 3106 [jid:5866]
Saving node 3107 [jid:5865]
Saving node 3108 [jid:5864]
Saving node 8414 [jid:5863]
Saving node 3109 [jid:5862]
Saving node 3110 [jid:5861]
Saving node 3111 [jid:5860]
Saving node 3112 [jid:5859]
Saving node 3113 [jid:5858]
Saving node 3114 [jid:5857]
Saving node 3115 [jid:5856]
Saving node 3116 [jid:5855]
Saving node 3117 [jid:5854]
Saving node 3118 [jid:5853]
Saving node 3119 [jid:5852]
Saving node 3120 [jid:5851]
Saving node 3121 [jid:5850]
Saving node 3122 [jid:5849]
Saving node 3123 [jid:5848]
Saving node 3124 [jid:5847]
Saving node 3125 [jid:5846]
Saving node 3126 [jid:5845]
Saving node 3127 [jid:5844]
Saving node 3128 [jid:5843]
Saving node 3129 [jid:5842]
Saving node 3130 [jid:5841]
Saving node 3131 [jid:5840]
Saving node 3132 [jid:5839]
Saving node 3133 [jid:5838]
Saving node 3134 [jid:5837]
Saving node 3135 [jid:5836]
Saving node 3136 [jid:5835]
Saving node 3137 [jid:5834]
Saving node 3138 [jid:5833]
Saving node 3139 [jid:5832]
Saving node 3140 [jid:5831]
Saving node 3141 [jid:5830]
Saving node 3142 [jid:5829]
Saving node 3143 [jid:5828]
Saving node 3144 [jid:5827]
Saving node 3145 [jid:5826]
Saving node 3146 [jid:5825]
Saving node 3147 [jid:5824]
Saving node 3148 [jid:5823]
Saving node 3149 [jid:5822]
Saving node 3150 [jid:5821]
Saving node 3151 [jid:5820]
Saving node 3152 [jid:5819]
Saving node 3153 [jid:5818]
Saving node 3154 [jid:5817]
Saving node 3155 [jid:5816]
Saving node 3156 [jid:5815]
Saving node 3157 [jid:5814]
Saving node 3158 [jid:5813]
Saving node 3159 [jid:5812]
Saving node 3160 [jid:5811]
Saving node 3161 [jid:5810]
Saving node 3162 [jid:5809]
Saving node 3163 [jid:5808]
Saving node 3164 [jid:5807]
Saving node 3165 [jid:5806]
Saving node 3166 [jid:5805]
Saving node 3167 [jid:5804]
Saving node 3168 [jid:5803]
Saving node 3169 [jid:5802]
Saving node 3170 [jid:5801]
Saving node 3171 [jid:5800]
Saving node 3172 [jid:5799]
Saving node 3173 [jid:5798]
Saving node 3174 [jid:5797]
Saving node 8694 [jid:5796]
Saving node 3175 [jid:5795]
Saving node 3176 [jid:5794]
Saving node 3177 [jid:5793]
Saving node 3178 [jid:5792]
[jid:5790 nid:3179] Missing image file: public://images/news_thumbs/0903_Cusimano2.jpg
Saving node 3179 [jid:5790]
Saving node 3180 [jid:5789]
Saving node 3181 [jid:5788]
Saving node 3182 [jid:5787]
Saving node 3183 [jid:5786]
Saving node 3184 [jid:5785]
Saving node 3185 [jid:5784]
Saving node 3186 [jid:5782]
Saving node 3187 [jid:5781]
Saving node 3188 [jid:5780]
Saving node 3189 [jid:5779]
Saving node 8695 [jid:5778]
Saving node 3190 [jid:5777]
Saving node 3191 [jid:5776]
Saving node 3192 [jid:5775]
Saving node 3193 [jid:5774]
Saving node 3194 [jid:5773]
Saving node 8696 [jid:5772]
Saving node 346 [jid:5771]
Saving node 3195 [jid:5770]
Saving node 3196 [jid:5769]
Saving node 8697 [jid:5768]
Saving node 3197 [jid:5767]
Saving node 3198 [jid:5766]
Saving node 3199 [jid:5765]
Saving node 3200 [jid:5764]
Saving node 3201 [jid:5763]
Saving node 3202 [jid:5762]
Saving node 3203 [jid:5761]
Saving node 9117 [jid:5760]
Saving node 8698 [jid:5758]
Saving node 8699 [jid:5757]
Saving node 3204 [jid:5756]
Saving node 3205 [jid:5755]
Saving node 3206 [jid:5754]
Saving node 3207 [jid:5752]
Saving node 3208 [jid:5751]
Saving node 8700 [jid:5750]
Saving node 3209 [jid:5749]
Saving node 3210 [jid:5748]
Saving node 3211 [jid:5747]
Saving node 3212 [jid:5746]
Saving node 3213 [jid:5745]
Saving node 3214 [jid:5744]
Saving node 3215 [jid:5743]
Saving node 3216 [jid:5742]
Saving node 3217 [jid:5741]
Saving node 3218 [jid:5740]
Saving node 3219 [jid:5739]
Saving node 3220 [jid:5738]
Saving node 3221 [jid:5737]
Saving node 3222 [jid:5736]
Saving node 3223 [jid:5735]
Saving node 3224 [jid:5734]
Saving node 3225 [jid:5733]
Saving node 3226 [jid:5732]
Saving node 3227 [jid:5731]
Saving node 3228 [jid:5730]
Saving node 3229 [jid:5729]
Saving node 3230 [jid:5728]
Saving node 3231 [jid:5727]
Saving node 3232 [jid:5726]
Saving node 3233 [jid:5725]
Saving node 3234 [jid:5724]
Saving node 3235 [jid:5723]
Saving node 3236 [jid:5722]
Saving node 3237 [jid:5721]
Saving node 3238 [jid:5720]
Saving node 3239 [jid:5719]
Saving node 3240 [jid:5718]
Saving node 3241 [jid:5717]
Saving node 3242 [jid:5716]
Saving node 3243 [jid:5715]
Saving node 3244 [jid:5714]
Saving node 3245 [jid:5713]
Saving node 3246 [jid:5712]
Saving node 3247 [jid:5711]
Saving node 3248 [jid:5710]
Saving node 3249 [jid:5708]
Saving node 3250 [jid:5707]
Saving node 3251 [jid:5706]
Saving node 3252 [jid:5705]
Saving node 3253 [jid:5704]
Saving node 8701 [jid:5703]
Saving node 3254 [jid:5702]
Saving node 3255 [jid:5701]
Saving node 9116 [jid:5700]
[jid:5699 nid:3256] Missing image file: public://images/news_thumbs/0907ninin_2.jpg
Saving node 3256 [jid:5699]
Saving node 9115 [jid:5698]
Saving node 9114 [jid:5697]
Saving node 9113 [jid:5696]
Saving node 9112 [jid:5695]
Saving node 9111 [jid:5694]
Saving node 9110 [jid:5693]
Saving node 3257 [jid:5692]
Saving node 3258 [jid:5691]
Saving node 3259 [jid:5690]
Saving node 3260 [jid:5689]
Saving node 3261 [jid:5688]
Saving node 3262 [jid:5687]
Saving node 3263 [jid:5686]
Saving node 9109 [jid:5685]
Saving node 9108 [jid:5684]
Saving node 9107 [jid:5683]
Saving node 8702 [jid:5682]
Saving node 3264 [jid:5681]
Saving node 345 [jid:5680]
Saving node 3265 [jid:5679]
Saving node 3266 [jid:5678]
Saving node 3267 [jid:5677]
Saving node 3268 [jid:5676]
Saving node 3269 [jid:5675]
Saving node 3270 [jid:5674]
Saving node 3271 [jid:5673]
Saving node 8415 [jid:5672]
Saving node 8416 [jid:5671]
Saving node 3272 [jid:5670]
Saving node 3273 [jid:5669]
Saving node 8417 [jid:5668]
Saving node 9106 [jid:5667]
Saving node 3274 [jid:5666]
Saving node 3275 [jid:5665]
Saving node 3276 [jid:5664]
Saving node 3277 [jid:5663]
Saving node 3278 [jid:5662]
Saving node 8703 [jid:5661]
Saving node 3279 [jid:5660]
Saving node 8704 [jid:5659]
Saving node 3280 [jid:5658]
Saving node 8705 [jid:5657]
Saving node 8706 [jid:5656]
Saving node 3281 [jid:5655]
Saving node 3282 [jid:5654]
Saving node 3283 [jid:5653]
Saving node 3284 [jid:5652]
Saving node 3285 [jid:5651]
Saving node 3286 [jid:5650]
Saving node 3287 [jid:5649]
Saving node 3288 [jid:5648]
Saving node 3289 [jid:5647]
Saving node 3290 [jid:5646]
Saving node 3291 [jid:5645]
Saving node 3292 [jid:5644]
Saving node 3293 [jid:5643]
Saving node 8707 [jid:5642]
Saving node 3294 [jid:5641]
Saving node 3295 [jid:5640]
Saving node 3296 [jid:5639]
Saving node 3297 [jid:5638]
Saving node 3298 [jid:5637]
Saving node 3299 [jid:5636]
Saving node 3300 [jid:5635]
Saving node 3301 [jid:5634]
Saving node 3302 [jid:5633]
Saving node 3303 [jid:5632]
Saving node 3304 [jid:5631]
Saving node 8708 [jid:5630]
Saving node 3305 [jid:5629]
Saving node 3306 [jid:5628]
Saving node 3307 [jid:5627]
Saving node 3308 [jid:5626]
Saving node 3309 [jid:5625]
Saving node 3310 [jid:5624]
Saving node 3311 [jid:5623]
Saving node 3312 [jid:5622]
Saving node 3313 [jid:5621]
Saving node 3314 [jid:5620]
Saving node 3315 [jid:5619]
Saving node 3316 [jid:5618]
Saving node 3317 [jid:5617]
Saving node 3318 [jid:5616]
Saving node 3319 [jid:5615]
Saving node 3320 [jid:5614]
Saving node 3321 [jid:5613]
Saving node 3322 [jid:5612]
Saving node 3323 [jid:5611]
Saving node 3324 [jid:5610]
Saving node 3325 [jid:5609]
Saving node 3326 [jid:5608]
Saving node 3327 [jid:5607]
Saving node 3328 [jid:5606]
Saving node 3329 [jid:5605]
Saving node 3330 [jid:5604]
Saving node 3331 [jid:5603]
Saving node 3332 [jid:5602]
Saving node 3333 [jid:5601]
Saving node 3334 [jid:5600]
Saving node 3335 [jid:5599]
Saving node 3336 [jid:5598]
Saving node 3337 [jid:5597]
Saving node 3338 [jid:5596]
Saving node 3339 [jid:5595]
Saving node 3340 [jid:5594]
Saving node 3341 [jid:5593]
Saving node 3342 [jid:5592]
Saving node 3343 [jid:5591]
Saving node 3344 [jid:5590]
Saving node 3345 [jid:5589]
Saving node 8418 [jid:5588]
Saving node 3346 [jid:5587]
Saving node 9105 [jid:5586]
Saving node 9104 [jid:5585]
Saving node 8709 [jid:5584]
Saving node 9103 [jid:5583]
Saving node 3347 [jid:5582]
Saving node 3348 [jid:5581]
Saving node 3349 [jid:5580]
Saving node 3350 [jid:5579]
Saving node 3351 [jid:5578]
Saving node 8710 [jid:5577]
Saving node 3352 [jid:5576]
Saving node 3353 [jid:5575]
Saving node 3354 [jid:5574]
Saving node 3355 [jid:5573]
Saving node 3356 [jid:5572]
Saving node 3357 [jid:5571]
Saving node 3358 [jid:5570]
Saving node 9102 [jid:5569]
Saving node 3359 [jid:5568]
Saving node 3360 [jid:5567]
Saving node 3361 [jid:5566]
Saving node 3362 [jid:5565]
Saving node 3363 [jid:5564]
Saving node 3364 [jid:5563]
Saving node 3365 [jid:5562]
Saving node 3366 [jid:5561]
Saving node 3367 [jid:5559]
Saving node 3368 [jid:5558]
Saving node 8711 [jid:5557]
Saving node 3369 [jid:5556]
Saving node 3370 [jid:5555]
Saving node 3371 [jid:5554]
Saving node 3372 [jid:5553]
Saving node 3373 [jid:5552]
Saving node 8712 [jid:5551]
Saving node 3374 [jid:5550]
Saving node 3375 [jid:5548]
Saving node 3376 [jid:5547]
Saving node 3377 [jid:5546]
Saving node 344 [jid:5545]
Saving node 8713 [jid:5544]
Saving node 8714 [jid:5543]
Saving node 3378 [jid:5542]
Saving node 8715 [jid:5541]
Saving node 3379 [jid:5540]
Saving node 8716 [jid:5539]
Saving node 343 [jid:5538]
Saving node 3380 [jid:5537]
Saving node 3381 [jid:5536]
Saving node 3382 [jid:5535]
Saving node 3383 [jid:5534]
Saving node 3384 [jid:5533]
Saving node 3385 [jid:5532]
Saving node 3386 [jid:5531]
Saving node 3387 [jid:5530]
Saving node 3388 [jid:5529]
Saving node 3389 [jid:5528]
Saving node 3390 [jid:5527]
Saving node 3391 [jid:5526]
Saving node 3392 [jid:5525]
Saving node 3393 [jid:5524]
Saving node 3394 [jid:5523]
Saving node 3395 [jid:5522]
Saving node 3396 [jid:5521]
Saving node 3397 [jid:5520]
Saving node 3398 [jid:5519]
Saving node 3399 [jid:5518]
Saving node 3400 [jid:5517]
Saving node 3401 [jid:5516]
Saving node 3402 [jid:5515]
Saving node 3403 [jid:5514]
Saving node 3404 [jid:5513]
Saving node 3405 [jid:5512]
Saving node 3406 [jid:5511]
Saving node 3407 [jid:5510]
Saving node 3408 [jid:5509]
Saving node 3409 [jid:5508]
Saving node 3410 [jid:5507]
Saving node 3411 [jid:5506]
Saving node 3412 [jid:5505]
Saving node 3413 [jid:5504]
Saving node 3414 [jid:5503]
Saving node 3415 [jid:5502]
Saving node 3416 [jid:5501]
Saving node 3417 [jid:5500]
Saving node 3418 [jid:5499]
Saving node 8717 [jid:5498]
Saving node 8419 [jid:5497]
Saving node 3419 [jid:5496]
Saving node 3420 [jid:5495]
Saving node 3421 [jid:5494]
Saving node 3422 [jid:5493]
Saving node 3423 [jid:5492]
Saving node 3424 [jid:5491]
Saving node 3425 [jid:5490]
Saving node 3426 [jid:5489]
Saving node 3427 [jid:5488]
Saving node 3428 [jid:5487]
Saving node 3429 [jid:5486]
Saving node 3430 [jid:5485]
Saving node 3431 [jid:5484]
Saving node 3432 [jid:5483]
Saving node 3433 [jid:5482]
Saving node 3434 [jid:5481]
Saving node 3435 [jid:5480]
Saving node 3436 [jid:5479]
Saving node 3437 [jid:5478]
Saving node 3438 [jid:5477]
Saving node 3439 [jid:5474]
Saving node 3440 [jid:5473]
Saving node 3441 [jid:5472]
Saving node 3442 [jid:5471]
Saving node 3443 [jid:5470]
Saving node 3444 [jid:5469]
Saving node 3445 [jid:5468]
Saving node 3446 [jid:5467]
Saving node 3447 [jid:5466]
Saving node 3448 [jid:5465]
Saving node 3449 [jid:5464]
Saving node 3450 [jid:5463]
Saving node 3451 [jid:5462]
Saving node 3452 [jid:5461]
Saving node 8718 [jid:5460]
Saving node 3453 [jid:5459]
Saving node 342 [jid:5458]
Saving node 3454 [jid:5457]
Saving node 3455 [jid:5456]
Saving node 3456 [jid:5455]
Saving node 3457 [jid:5454]
Saving node 3458 [jid:5453]
Saving node 3459 [jid:5452]
Saving node 3460 [jid:5451]
Saving node 3461 [jid:5450]
Saving node 3462 [jid:5449]
Saving node 341 [jid:5448]
Saving node 8719 [jid:5447]
Saving node 3463 [jid:5446]
Saving node 3464 [jid:5445]
Saving node 9101 [jid:5444]
Saving node 3465 [jid:5443]
Saving node 3466 [jid:5442]
Saving node 3467 [jid:5441]
Saving node 3468 [jid:5440]
Saving node 3469 [jid:5439]
Saving node 8420 [jid:5438]
Saving node 8421 [jid:5437]
Saving node 8422 [jid:5436]
Saving node 9100 [jid:5435]
Saving node 9099 [jid:5434]
Saving node 8423 [jid:5433]
Saving node 8720 [jid:5432]
Saving node 3470 [jid:5431]
Saving node 3471 [jid:5430]
Saving node 3472 [jid:5429]
Saving node 3473 [jid:5428]
Saving node 3474 [jid:5427]
Saving node 3475 [jid:5426]
Saving node 3476 [jid:5425]
Saving node 3477 [jid:5424]
Saving node 3478 [jid:5423]
Saving node 3479 [jid:5422]
Saving node 3480 [jid:5421]
Saving node 3481 [jid:5420]
Saving node 3482 [jid:5419]
Saving node 8721 [jid:5418]
[jid:5417 nid:3483] Missing image file: public://images/news_thumbs/0904_byres_rev1.jpg
Saving node 3483 [jid:5417]
Saving node 3484 [jid:5416]
Saving node 3485 [jid:5415]
Saving node 3486 [jid:5414]
Saving node 3487 [jid:5413]
Saving node 3488 [jid:5412]
Saving node 3489 [jid:5411]
Saving node 3490 [jid:5410]
Saving node 3491 [jid:5409]
Saving node 3492 [jid:5408]
Saving node 3493 [jid:5407]
Saving node 3494 [jid:5406]
Saving node 3495 [jid:5405]
Saving node 3496 [jid:5404]
Saving node 3497 [jid:5403]
Saving node 3498 [jid:5402]
Saving node 3499 [jid:5401]
Saving node 3500 [jid:5400]
Saving node 3501 [jid:5399]
Saving node 3502 [jid:5398]
Saving node 3503 [jid:5397]
Saving node 3504 [jid:5396]
Saving node 3505 [jid:5395]
Saving node 3506 [jid:5394]
Saving node 3507 [jid:5393]
Saving node 3508 [jid:5392]
Saving node 3509 [jid:5391]
Saving node 3510 [jid:5390]
Saving node 3511 [jid:5389]
Saving node 3512 [jid:5388]
Saving node 3513 [jid:5387]
Saving node 3514 [jid:5386]
Saving node 3515 [jid:5385]
Saving node 3516 [jid:5384]
Saving node 3517 [jid:5383]
Saving node 3518 [jid:5382]
Saving node 3519 [jid:5381]
Saving node 3520 [jid:5380]
Saving node 3521 [jid:5379]
Saving node 3522 [jid:5378]
Saving node 3523 [jid:5377]
Saving node 3524 [jid:5376]
Saving node 3525 [jid:5375]
Saving node 3526 [jid:5374]
Saving node 3527 [jid:5373]
Saving node 3528 [jid:5372]
Saving node 3529 [jid:5371]
Saving node 3530 [jid:5370]
Saving node 3531 [jid:5369]
Saving node 3532 [jid:5368]
Saving node 3533 [jid:5367]
Saving node 3534 [jid:5366]
Saving node 3535 [jid:5365]
Saving node 3536 [jid:5364]
Saving node 3537 [jid:5363]
Saving node 3538 [jid:5362]
Saving node 3539 [jid:5361]
Saving node 3540 [jid:5360]
Saving node 3541 [jid:5359]
Saving node 3542 [jid:5358]
Saving node 3543 [jid:5357]
Saving node 3544 [jid:5356]
Saving node 3545 [jid:5355]
Saving node 3546 [jid:5354]
Saving node 3547 [jid:5353]
Saving node 3548 [jid:5352]
Saving node 8424 [jid:5351]
Saving node 3549 [jid:5350]
Saving node 3550 [jid:5349]
Saving node 3551 [jid:5348]
Saving node 3552 [jid:5347]
Saving node 3553 [jid:5346]
Saving node 3554 [jid:5344]
Saving node 3555 [jid:5341]
Saving node 340 [jid:5340]
Saving node 3556 [jid:5339]
Saving node 3557 [jid:5338]
Saving node 3558 [jid:5337]
Saving node 3559 [jid:5336]
Saving node 3560 [jid:5335]
Saving node 3561 [jid:5334]
Saving node 3562 [jid:5333]
Saving node 3563 [jid:5332]
Saving node 3564 [jid:5331]
Saving node 3565 [jid:5330]
Saving node 3566 [jid:5328]
Saving node 3567 [jid:5327]
Saving node 3568 [jid:5326]
Saving node 3569 [jid:5325]
Saving node 3570 [jid:5324]
Saving node 3571 [jid:5323]
Saving node 3572 [jid:5322]
Saving node 3573 [jid:5321]
Saving node 3574 [jid:5320]
Saving node 3575 [jid:5319]
Saving node 3576 [jid:5318]
Saving node 3577 [jid:5317]
Saving node 3578 [jid:5316]
Saving node 3579 [jid:5315]
Saving node 3580 [jid:5314]
Saving node 3581 [jid:5313]
Saving node 9098 [jid:5312]
Saving node 339 [jid:5311]
Saving node 9097 [jid:5310]
Saving node 8425 [jid:5309]
Saving node 3582 [jid:5308]
Saving node 3583 [jid:5307]
Saving node 3584 [jid:5305]
Saving node 3585 [jid:5304]
Saving node 9096 [jid:5303]
Saving node 9095 [jid:5302]
Saving node 9094 [jid:5301]
Saving node 9093 [jid:5300]
Saving node 9092 [jid:5299]
Saving node 9091 [jid:5298]
Saving node 8426 [jid:5297]
Saving node 8427 [jid:5296]
Saving node 8428 [jid:5295]
Saving node 3586 [jid:5294]
Saving node 3587 [jid:5293]
Saving node 3588 [jid:5292]
Saving node 3589 [jid:5291]
Saving node 3590 [jid:5290]
Saving node 3591 [jid:5289]
Saving node 3592 [jid:5288]
Saving node 3593 [jid:5287]
Saving node 3594 [jid:5286]
Saving node 3595 [jid:5285]
Saving node 3596 [jid:5284]
Saving node 3597 [jid:5283]
Saving node 3598 [jid:5282]
Saving node 3599 [jid:5281]
Saving node 3600 [jid:5280]
Saving node 3601 [jid:5279]
Saving node 3602 [jid:5278]
Saving node 3603 [jid:5277]
Saving node 3604 [jid:5276]
Saving node 3605 [jid:5275]
Saving node 3606 [jid:5274]
Saving node 3607 [jid:5273]
Saving node 3608 [jid:5272]
Saving node 3609 [jid:5271]
Saving node 3610 [jid:5270]
Saving node 3611 [jid:5269]
Saving node 3612 [jid:5268]
Saving node 3613 [jid:5267]
Saving node 3614 [jid:5266]
Saving node 3615 [jid:5265]
Saving node 3616 [jid:5264]
Saving node 3617 [jid:5263]
Saving node 3618 [jid:5262]
Saving node 3619 [jid:5261]
Saving node 3620 [jid:5260]
Saving node 3621 [jid:5259]
Saving node 3622 [jid:5258]
Saving node 3623 [jid:5257]
Saving node 3624 [jid:5256]
Saving node 9090 [jid:5254]
Saving node 8429 [jid:5253]
Saving node 3625 [jid:5252]
Saving node 8430 [jid:5251]
Saving node 338 [jid:5250]
Saving node 369 [jid:5249]
Saving node 337 [jid:5248]
Saving node 3626 [jid:5247]
Saving node 368 [jid:5246]
Saving node 3627 [jid:5245]
Saving node 3628 [jid:5244]
Saving node 3629 [jid:5243]
Saving node 3630 [jid:5242]
Saving node 3631 [jid:5241]
Saving node 3632 [jid:5240]
Saving node 3633 [jid:5239]
Saving node 3634 [jid:5238]
Saving node 3635 [jid:5237]
Saving node 3636 [jid:5236]
Saving node 3637 [jid:5235]
Saving node 3638 [jid:5234]
Saving node 3639 [jid:5233]
Saving node 3640 [jid:5232]
Saving node 3641 [jid:5231]
Saving node 3642 [jid:5230]
Saving node 3643 [jid:5229]
[jid:5228 nid:8722] Missing image file: public://images/blog_thumbs/AGcypress_thermo_K.jpg
Saving node 8722 [jid:5228]
Saving node 336 [jid:5227]
Saving node 335 [jid:5226]
Saving node 367 [jid:5225]
Saving node 3644 [jid:5224]
Saving node 3645 [jid:5223]
Saving node 9089 [jid:5222]
Saving node 3646 [jid:5221]
Saving node 8723 [jid:5220]
Saving node 3647 [jid:5219]
Saving node 3648 [jid:5218]
Saving node 3649 [jid:5217]
Saving node 3650 [jid:5216]
Saving node 3651 [jid:5215]
Saving node 3652 [jid:5214]
Saving node 3653 [jid:5213]
Saving node 8724 [jid:5212]
Saving node 8725 [jid:5211]
Saving node 8726 [jid:5210]
Saving node 8727 [jid:5209]
[jid:5208 nid:8728] Missing image file: public://images/blog_thumbs/AGsyncade2.jpg
Saving node 8728 [jid:5208]
Saving node 3654 [jid:5207]
Saving node 3655 [jid:5206]
Saving node 3656 [jid:5205]
Saving node 3657 [jid:5204]
Saving node 3658 [jid:5203]
Saving node 3659 [jid:5202]
Saving node 3660 [jid:5201]
Saving node 334 [jid:5200]
Saving node 3661 [jid:5199]
Saving node 8729 [jid:5198]
Saving node 9281 [jid:5197]
Saving node 3662 [jid:5196]
Saving node 8431 [jid:5195]
Saving node 3663 [jid:5194]
Saving node 3664 [jid:5193]
Saving node 3665 [jid:5192]
Saving node 3666 [jid:5191]
Saving node 3667 [jid:5190]
Saving node 3668 [jid:5188]
Saving node 3669 [jid:5187]
Saving node 3670 [jid:5186]
Saving node 3671 [jid:5185]
Saving node 3672 [jid:5184]
Saving node 3673 [jid:5183]
Saving node 3674 [jid:5182]
Saving node 3675 [jid:5181]
Saving node 3676 [jid:5180]
Saving node 3677 [jid:5179]
Saving node 3678 [jid:5178]
Saving node 3679 [jid:5177]
Saving node 3680 [jid:5176]
Saving node 3681 [jid:5175]
Saving node 3682 [jid:5174]
Saving node 3683 [jid:5173]
Saving node 3684 [jid:5172]
Saving node 3685 [jid:5171]
Saving node 3686 [jid:5170]
Saving node 3687 [jid:5169]
Saving node 3688 [jid:5168]
Saving node 3689 [jid:5167]
Saving node 3690 [jid:5166]
Saving node 3691 [jid:5165]
Saving node 3692 [jid:5164]
Saving node 3693 [jid:5163]
Saving node 3694 [jid:5162]
Saving node 3695 [jid:5161]
Saving node 3696 [jid:5160]
Saving node 3697 [jid:5159]
Saving node 3698 [jid:5158]
Saving node 3699 [jid:5157]
Saving node 3700 [jid:5156]
Saving node 3701 [jid:5155]
Saving node 3702 [jid:5154]
Saving node 3703 [jid:5153]
Saving node 3704 [jid:5152]
Saving node 9088 [jid:5151]
Saving node 3705 [jid:5150]
Saving node 3706 [jid:5149]
Saving node 3707 [jid:5148]
Saving node 3708 [jid:5147]
Saving node 3709 [jid:5146]
Saving node 3710 [jid:5145]
Saving node 3711 [jid:5144]
Saving node 3712 [jid:5143]
Saving node 3713 [jid:5142]
Saving node 3714 [jid:5141]
Saving node 3715 [jid:5140]
Saving node 3716 [jid:5139]
Saving node 3717 [jid:5138]
Saving node 3718 [jid:5137]
Saving node 3719 [jid:5136]
Saving node 3720 [jid:5134]
Saving node 3721 [jid:5133]
Saving node 3722 [jid:5132]
Saving node 333 [jid:5131]
Saving node 3723 [jid:5130]
Saving node 3724 [jid:5129]
Saving node 3725 [jid:5128]
Saving node 3726 [jid:5127]
Saving node 3727 [jid:5126]
Saving node 9087 [jid:5125]
Saving node 3728 [jid:5124]
Saving node 9086 [jid:5123]
Saving node 9085 [jid:5122]
Saving node 9084 [jid:5121]
Saving node 9083 [jid:5120]
Saving node 9082 [jid:5119]
Saving node 9081 [jid:5118]
Saving node 9080 [jid:5117]
Saving node 3729 [jid:5116]
Saving node 3730 [jid:5115]
Saving node 3731 [jid:5114]
Saving node 3732 [jid:5113]
Saving node 8730 [jid:5112]
Saving node 332 [jid:5111]
Saving node 3733 [jid:5109]
Saving node 3734 [jid:5108]
Saving node 8432 [jid:5107]
Saving node 8433 [jid:5106]
Saving node 8434 [jid:5105]
Saving node 3735 [jid:5104]
Saving node 3736 [jid:5103]
Saving node 3737 [jid:5102]
Saving node 3738 [jid:5101]
Saving node 3739 [jid:5100]
Saving node 8731 [jid:5099]
Saving node 3740 [jid:5098]
Saving node 3741 [jid:5097]
Saving node 8732 [jid:5096]
Saving node 3742 [jid:5095]
Saving node 3743 [jid:5094]
Saving node 3744 [jid:5093]
Saving node 3745 [jid:5092]
Saving node 3746 [jid:5091]
Saving node 3747 [jid:5090]
Saving node 3748 [jid:5089]
Saving node 3749 [jid:5088]
Saving node 8435 [jid:5087]
Saving node 8436 [jid:5086]
Saving node 8437 [jid:5085]
[jid:5084 nid:8438] Missing image file: public://images/video_thumbs/cc_linkie_new_flv.jpg
Saving node 8438 [jid:5084]
Saving node 8439 [jid:5083]
Saving node 8440 [jid:5082]
Saving node 8441 [jid:5081]
Saving node 8442 [jid:5080]
[jid:5079 nid:3750] Missing image file: public://images/news_thumbs/Gilsdorf_cropped.jpg
Saving node 3750 [jid:5079]
Saving node 3751 [jid:5078]
Saving node 3752 [jid:5077]
Saving node 3753 [jid:5076]
Saving node 3754 [jid:5075]
Saving node 3755 [jid:5074]
Saving node 3756 [jid:5073]
Saving node 3757 [jid:5072]
Saving node 3758 [jid:5071]
Saving node 3759 [jid:5070]
Saving node 3760 [jid:5069]
Saving node 3761 [jid:5068]
Saving node 3762 [jid:5067]
Saving node 3763 [jid:5066]
Saving node 3764 [jid:5065]
Saving node 3765 [jid:5064]
Saving node 3766 [jid:5063]
Saving node 3767 [jid:5062]
Saving node 3768 [jid:5061]
Saving node 3769 [jid:5060]
Saving node 3770 [jid:5059]
Saving node 3771 [jid:5058]
Saving node 3772 [jid:5057]
Saving node 3773 [jid:5056]
Saving node 3774 [jid:5055]
Saving node 3775 [jid:5054]
Saving node 3776 [jid:5053]
Saving node 3777 [jid:5052]
Saving node 3778 [jid:5051]
Saving node 3779 [jid:5050]
Saving node 3780 [jid:5049]
Saving node 3781 [jid:5048]
Saving node 3782 [jid:5047]
Saving node 3783 [jid:5046]
Saving node 3784 [jid:5045]
Saving node 3785 [jid:5044]
Saving node 3786 [jid:5043]
Saving node 3787 [jid:5042]
Saving node 3788 [jid:5041]
Saving node 3789 [jid:5040]
Saving node 3790 [jid:5039]
Saving node 3791 [jid:5038]
Saving node 3792 [jid:5037]
Saving node 3793 [jid:5036]
Saving node 3794 [jid:5035]
Saving node 3795 [jid:5034]
Saving node 3796 [jid:5033]
Saving node 3797 [jid:5032]

Fatal error: Allowed memory size of 268435456 bytes exhausted (tried to allocate 39985 bytes) in /var/www/sites/summit-aw.prometdev.com/includes/database/database.inc on line 2108
