Saving node 8786 [jid:9399]
Saving node 8787 [jid:9398]
Saving node 8788 [jid:9397]
Found video embed 8976 [jid:9396]
Saving node 8976 [jid:9396]
Saving node 8789 [jid:9395]
Saving node 8790 [jid:9394]
Saving node 8995 [jid:9393]
Saving node 8996 [jid:9392]
Saving node 8791 [jid:9390]
Saving node 8792 [jid:9389]
Saving node 8793 [jid:9388]
Saving node 8794 [jid:9387]
Saving node 8795 [jid:9386]
Saving node 8796 [jid:9385]
Saving node 8797 [jid:9384]
Saving node 8798 [jid:9383]
Saving node 8799 [jid:9382]
Saving node 8800 [jid:9381]
Saving node 8801 [jid:9380]
Found video embed 8977 [jid:9379]
Saving node 8977 [jid:9379]
Saving node 8997 [jid:9378]
Saving node 8998 [jid:9377]
Saving node 8802 [jid:9376]
Saving node 8803 [jid:9375]
Saving node 8804 [jid:9374]
Saving node 8805 [jid:9373]
Saving node 8806 [jid:9372]
Saving node 8807 [jid:9371]
Saving node 8808 [jid:9370]
Found video embed 8978 [jid:9369]
Saving node 8978 [jid:9369]
Saving node 8809 [jid:9368]
Saving node 8810 [jid:9367]
Found video embed 8811 [jid:9366]
Saving node 8811 [jid:9366]
Saving node 8812 [jid:9365]
Saving node 8813 [jid:9364]
Saving node 8814 [jid:9363]
Saving node 8815 [jid:9362]
Saving node 8816 [jid:9361]
Saving node 8817 [jid:9360]
Saving node 8979 [jid:9359]
Saving node 8818 [jid:9357]
Saving node 8819 [jid:9356]
Saving node 8820 [jid:9355]
Saving node 8821 [jid:9354]
Saving node 8999 [jid:9353]
Saving node 8822 [jid:9352]
Saving node 8823 [jid:9351]
Saving node 8824 [jid:9350]
Saving node 8825 [jid:9349]
Saving node 8826 [jid:9348]
Saving node 8827 [jid:9347]
Saving node 8828 [jid:9346]
Saving node 8829 [jid:9345]
Saving node 8830 [jid:9344]
Saving node 8831 [jid:9343]
Saving node 8832 [jid:9342]
Saving node 8833 [jid:9341]
Saving node 8834 [jid:9340]
Saving node 8835 [jid:9339]
Saving node 8836 [jid:9338]
Saving node 8837 [jid:9337]
Saving node 8838 [jid:9336]
Saving node 8839 [jid:9335]
Saving node 8840 [jid:9334]
Saving node 8841 [jid:9333]
Saving node 8842 [jid:9332]
Saving node 8843 [jid:9331]
Saving node 8844 [jid:9330]
Saving node 8845 [jid:9329]
Saving node 9000 [jid:9328]
Saving node 8846 [jid:9327]
Saving node 8847 [jid:9326]
Saving node 8848 [jid:9325]
Saving node 8849 [jid:9324]
Saving node 8850 [jid:9323]
Saving node 8851 [jid:9322]
Saving node 8852 [jid:9321]
Saving node 8853 [jid:9320]
Saving node 8854 [jid:9319]
Saving node 8855 [jid:9318]
Saving node 8856 [jid:9317]
Saving node 8857 [jid:9316]
Saving node 8858 [jid:9315]
Saving node 8859 [jid:9314]
Saving node 8860 [jid:9313]
Saving node 8861 [jid:9312]
Saving node 8862 [jid:9311]
Saving node 8863 [jid:9310]
Saving node 8864 [jid:9309]
Saving node 8865 [jid:9308]
Saving node 8866 [jid:9307]
Saving node 8867 [jid:9306]
Saving node 8868 [jid:9305]
Saving node 8869 [jid:9302]
Saving node 8870 [jid:9301]
Saving node 8871 [jid:9300]
Saving node 8872 [jid:9299]
Saving node 8873 [jid:9298]
Saving node 8874 [jid:9297]
Saving node 8875 [jid:9296]
Saving node 8876 [jid:9295]
Saving node 8877 [jid:9294]
Saving node 8878 [jid:9293]
Saving node 8879 [jid:9292]
Saving node 8880 [jid:9291]
Saving node 8881 [jid:9290]
Saving node 8882 [jid:9289]
Saving node 8883 [jid:9288]
Saving node 8884 [jid:9287]
Saving node 8885 [jid:9286]
Saving node 8886 [jid:9285]
Saving node 8887 [jid:9284]
Saving node 8888 [jid:9283]
Saving node 8889 [jid:9282]
Saving node 8890 [jid:9281]
Saving node 8891 [jid:9280]
Saving node 8892 [jid:9279]
Saving node 8893 [jid:9277]
Saving node 8894 [jid:9276]
Saving node 8895 [jid:9275]
Saving node 8896 [jid:9273]
Saving node 8897 [jid:9272]
Saving node 8898 [jid:9271]
Saving node 8899 [jid:9270]
Saving node 8900 [jid:9269]
Saving node 8901 [jid:9268]
Saving node 8902 [jid:9267]
Saving node 8903 [jid:9266]
Saving node 8904 [jid:9265]
Saving node 9001 [jid:9264]
Saving node 8905 [jid:9263]
Saving node 8906 [jid:9261]
Saving node 8907 [jid:9260]
Saving node 8908 [jid:9259]
Saving node 9229 [jid:9258]
Saving node 9002 [jid:9257]
Saving node 9003 [jid:9255]
Saving node 8909 [jid:9254]
Saving node 8910 [jid:9253]
Saving node 8911 [jid:9252]
Saving node 8912 [jid:9251]
Saving node 8913 [jid:9250]
Saving node 8914 [jid:9249]
Found video embed 8980 [jid:9247]
Saving node 8980 [jid:9247]
Saving node 8915 [jid:9246]
Saving node 8916 [jid:9245]
Saving node 8917 [jid:9244]
Saving node 8918 [jid:9243]
Saving node 8919 [jid:9242]
Saving node 8920 [jid:9241]
Saving node 8921 [jid:9240]
Saving node 8922 [jid:9239]
Saving node 8923 [jid:9238]
Saving node 8924 [jid:9237]
Saving node 9004 [jid:9236]
Saving node 8925 [jid:9235]
Saving node 8926 [jid:9234]
Saving node 8927 [jid:9233]
Saving node 8928 [jid:9232]
Saving node 8929 [jid:9231]
Saving node 8930 [jid:9230]
Saving node 8931 [jid:9229]
Saving node 8932 [jid:9228]
Saving node 8933 [jid:9227]
Saving node 8934 [jid:9226]
Saving node 8935 [jid:9225]
Saving node 8994 [jid:9224]
Saving node 8936 [jid:9223]
Saving node 9005 [jid:9222]
Saving node 8937 [jid:9221]
Saving node 9006 [jid:9219]
Saving node 8938 [jid:9218]
Saving node 8939 [jid:9217]
Saving node 8940 [jid:9216]
Saving node 8941 [jid:9215]
Saving node 8942 [jid:9214]
Saving node 9007 [jid:9212]
Saving node 8943 [jid:9210]
Found video embed 8981 [jid:9209]
Saving node 8981 [jid:9209]
Saving node 8944 [jid:9208]
Saving node 8945 [jid:9207]
Saving node 8946 [jid:9206]
Saving node 8947 [jid:9205]
Saving node 8948 [jid:9204]
Saving node 8949 [jid:9203]
Saving node 8950 [jid:9202]
Saving node 8951 [jid:9201]
Saving node 8952 [jid:9200]
Saving node 8953 [jid:9198]
Found video embed 8982 [jid:9197]
Saving node 8982 [jid:9197]
Saving node 8954 [jid:9196]
Saving node 8955 [jid:9195]
Saving node 8983 [jid:9194]
Saving node 8984 [jid:9193]
Saving node 8985 [jid:9192]
Saving node 8986 [jid:9191]
Found video embed 8987 [jid:9190]
Saving node 8987 [jid:9190]
Saving node 8957 [jid:9189]
Saving node 9008 [jid:9188]
Saving node 8958 [jid:9187]
Saving node 8959 [jid:9186]
Saving node 8960 [jid:9185]
Saving node 8961 [jid:9184]
Saving node 8962 [jid:9183]
Saving node 8963 [jid:9182]
Saving node 8964 [jid:9180]
Saving node 8965 [jid:9179]
Saving node 8966 [jid:9178]
Saving node 8988 [jid:9177]
Found video embed 8989 [jid:9176]
Saving node 8989 [jid:9176]
Found video embed 8990 [jid:9175]
Saving node 8990 [jid:9175]
Found video embed 8991 [jid:9174]
Saving node 8991 [jid:9174]
Saving node 8992 [jid:9173]
Found video embed 8993 [jid:9172]
Saving node 8993 [jid:9172]
Saving node 8967 [jid:9171]
Saving node 8968 [jid:9169]
Saving node 9009 [jid:9168]
Saving node 8969 [jid:9167]
Saving node 8970 [jid:9166]
Saving node 8971 [jid:9165]
Saving node 8972 [jid:9164]
Saving node 8973 [jid:9163]
Saving node 8974 [jid:9162]
Saving node 1 [jid:9161]
Saving node 9010 [jid:9160]
Saving node 9011 [jid:9159]
Saving node 9012 [jid:9158]
Saving node 2 [jid:9156]
Saving node 3 [jid:9155]
Saving node 4 [jid:9153]
Saving node 5 [jid:9151]
Saving node 6 [jid:9150]
Saving node 7 [jid:9149]
Saving node 8 [jid:9148]
Saving node 9 [jid:9147]
Saving node 10 [jid:9145]
Saving node 11 [jid:9144]
Saving node 12 [jid:9143]
Saving node 13 [jid:9142]
Saving node 14 [jid:9141]
Saving node 15 [jid:9140]
Saving node 16 [jid:9139]
Saving node 17 [jid:9138]
Saving node 18 [jid:9137]
Saving node 19 [jid:9136]
Saving node 20 [jid:9135]
Saving node 21 [jid:9134]
Saving node 22 [jid:9133]
Saving node 23 [jid:9132]
Saving node 24 [jid:9131]
Saving node 25 [jid:9130]
Saving node 26 [jid:9129]
Saving node 27 [jid:9128]
Saving node 28 [jid:9127]
Saving node 29 [jid:9126]
Saving node 30 [jid:9125]
Saving node 31 [jid:9124]
Saving node 32 [jid:9123]
Saving node 33 [jid:9122]
Saving node 34 [jid:9121]
Saving node 35 [jid:9120]
Saving node 36 [jid:9118]
Saving node 37 [jid:9117]
Saving node 38 [jid:9116]
Saving node 39 [jid:9115]
Saving node 40 [jid:9114]
Saving node 41 [jid:9113]
Saving node 42 [jid:9112]
Saving node 43 [jid:9111]
Saving node 44 [jid:9110]
Saving node 45 [jid:9109]
Saving node 8975 [jid:9108]
Saving node 46 [jid:9107]
Saving node 47 [jid:9106]
Saving node 48 [jid:9105]
Saving node 49 [jid:9104]
Saving node 50 [jid:9103]
Saving node 51 [jid:9102]
Saving node 52 [jid:9101]
Saving node 53 [jid:9100]
Saving node 54 [jid:9099]
Saving node 55 [jid:9098]
Saving node 56 [jid:9097]
Saving node 57 [jid:9096]
Saving node 58 [jid:9095]
Saving node 59 [jid:9094]
Saving node 60 [jid:9093]
Saving node 61 [jid:9092]
Saving node 62 [jid:9091]
Saving node 63 [jid:9090]
Saving node 64 [jid:9089]
Saving node 65 [jid:9088]
Saving node 66 [jid:9087]
Saving node 67 [jid:9086]
Saving node 68 [jid:9085]
Saving node 69 [jid:9084]
Saving node 70 [jid:9083]
Saving node 71 [jid:9082]
Saving node 72 [jid:9081]
Saving node 73 [jid:9080]
Saving node 74 [jid:9079]
Saving node 75 [jid:9078]
Saving node 76 [jid:9077]
Saving node 77 [jid:9076]
Saving node 78 [jid:9075]
Saving node 79 [jid:9074]
Saving node 366 [jid:9073]
Saving node 80 [jid:9072]
Saving node 81 [jid:9071]
Saving node 101 [jid:9070]
Saving node 82 [jid:9069]
Saving node 102 [jid:9068]
Saving node 83 [jid:9067]
Saving node  [jid:9066]
Saving node 84 [jid:9065]
Saving node 85 [jid:9064]
Saving node 86 [jid:9063]
Saving node 87 [jid:9062]
Saving node 9228 [jid:9061]
Saving node 88 [jid:9060]
Saving node 89 [jid:9059]
Saving node 90 [jid:9058]
Saving node 91 [jid:9057]
Saving node 92 [jid:9056]
Saving node 93 [jid:9055]
Saving node 94 [jid:9054]
Saving node 95 [jid:9053]
Saving node 96 [jid:9052]
Saving node 97 [jid:9049]
Saving node 104 [jid:9048]
Saving node 98 [jid:9047]
Saving node 99 [jid:9046]
Saving node 100 [jid:9045]
Saving node 541 [jid:9044]
Saving node 9227 [jid:9043]
Saving node 542 [jid:9042]
Saving node 442 [jid:9041]
Saving node 443 [jid:9040]
Saving node 543 [jid:9039]
Saving node 544 [jid:9038]
Saving node 545 [jid:9037]
Saving node 546 [jid:9036]
Saving node 547 [jid:9035]
Saving node 548 [jid:9034]
Saving node 549 [jid:9033]
Saving node 550 [jid:9032]
Saving node 551 [jid:9031]
Saving node 552 [jid:9030]
Saving node 553 [jid:9029]
Saving node 554 [jid:9028]
Saving node 555 [jid:9027]
Saving node 444 [jid:9026]
Saving node 556 [jid:9025]
Saving node 557 [jid:9024]
Saving node 558 [jid:9023]
Saving node 559 [jid:9022]
Saving node 560 [jid:9021]
Saving node 561 [jid:9020]
Saving node 562 [jid:9019]
Saving node 9226 [jid:9018]
Saving node 563 [jid:9017]
Saving node 105 [jid:9016]
Saving node 564 [jid:9015]
Saving node 565 [jid:9014]
Saving node 566 [jid:9013]
Saving node 567 [jid:9012]
Saving node 568 [jid:9011]
Saving node 569 [jid:9010]
Saving node 570 [jid:9009]
Saving node 571 [jid:9008]
Saving node 572 [jid:9007]
Saving node 573 [jid:9006]
Saving node 574 [jid:9005]
Saving node 575 [jid:9004]
Saving node 576 [jid:9003]
Saving node 577 [jid:9002]
Saving node 578 [jid:9001]
Saving node 579 [jid:9000]
Saving node 580 [jid:8999]
Saving node 581 [jid:8998]
Saving node 582 [jid:8997]
Saving node 583 [jid:8996]
Saving node 584 [jid:8995]
Saving node 585 [jid:8994]
Saving node 586 [jid:8993]
Saving node 587 [jid:8992]
Saving node 9225 [jid:8991]
Saving node 588 [jid:8990]
Saving node 589 [jid:8989]
Saving node 590 [jid:8988]
Saving node 591 [jid:8987]
Saving node 592 [jid:8986]
Saving node 593 [jid:8985]
Saving node 594 [jid:8984]
Saving node 595 [jid:8982]
Saving node 596 [jid:8981]
Saving node 597 [jid:8980]
Saving node 598 [jid:8979]
Saving node 599 [jid:8978]
Saving node 600 [jid:8977]
Saving node 601 [jid:8976]
Saving node 602 [jid:8975]
Saving node 603 [jid:8974]
Saving node 604 [jid:8973]
Saving node 605 [jid:8972]
Saving node 606 [jid:8971]
Saving node 8575 [jid:8970]
Saving node 607 [jid:8969]
Saving node 608 [jid:8968]
Saving node 609 [jid:8967]
Saving node 610 [jid:8966]
Saving node 611 [jid:8965]
Saving node 612 [jid:8964]
Saving node 445 [jid:8963]
Saving node 106 [jid:8961]
Saving node 9224 [jid:8960]
Saving node 613 [jid:8959]
Saving node 614 [jid:8958]
Saving node 615 [jid:8957]
Saving node 616 [jid:8956]
Saving node 617 [jid:8955]
Saving node 618 [jid:8954]
Saving node 619 [jid:8952]
Saving node 8574 [jid:8951]
Saving node 620 [jid:8950]
Saving node 107 [jid:8949]
Found video embed 446 [jid:8948]
Saving node 446 [jid:8948]
Saving node 108 [jid:8947]
Saving node 109 [jid:8946]
Saving node 621 [jid:8945]
Saving node 622 [jid:8944]
Saving node 623 [jid:8943]
Saving node 624 [jid:8942]
Saving node 625 [jid:8941]
Saving node 626 [jid:8940]
Saving node 627 [jid:8939]
Saving node 628 [jid:8938]
Saving node 629 [jid:8937]
Saving node 9294 [jid:8936]
Saving node 630 [jid:8935]
Saving node 631 [jid:8934]
Saving node 632 [jid:8933]
Saving node 633 [jid:8932]
Saving node 634 [jid:8931]
Saving node 635 [jid:8930]
Saving node 636 [jid:8929]
Saving node 637 [jid:8928]
Saving node 110 [jid:8927]
Saving node 638 [jid:8926]
Saving node 639 [jid:8925]
Saving node 640 [jid:8924]
Saving node 641 [jid:8923]
Saving node 642 [jid:8922]
Saving node 643 [jid:8921]
Saving node 644 [jid:8920]
Saving node 645 [jid:8919]
Saving node 646 [jid:8918]
Saving node 647 [jid:8917]
Saving node 648 [jid:8916]
Saving node 649 [jid:8915]
Saving node 650 [jid:8914]
Saving node 651 [jid:8913]
Saving node 652 [jid:8912]
Saving node 653 [jid:8911]
Saving node 654 [jid:8910]
Saving node 655 [jid:8909]
Saving node 656 [jid:8908]
Saving node 657 [jid:8907]
Saving node 658 [jid:8906]
Saving node 659 [jid:8905]
Saving node 660 [jid:8904]
Saving node 661 [jid:8903]
Saving node 111 [jid:8902]
Saving node 662 [jid:8901]
Saving node 663 [jid:8900]
Saving node 664 [jid:8899]
Saving node 665 [jid:8898]
Saving node 666 [jid:8897]
Saving node 667 [jid:8896]
Saving node 668 [jid:8895]
Saving node 669 [jid:8894]
Saving node 670 [jid:8893]
Saving node 671 [jid:8892]
Saving node 672 [jid:8891]
Saving node 673 [jid:8890]
Saving node 674 [jid:8889]
Saving node 9223 [jid:8888]
Saving node 447 [jid:8887]
Saving node 448 [jid:8886]
Saving node 9222 [jid:8885]
Saving node 449 [jid:8884]
Saving node 675 [jid:8883]
Saving node 676 [jid:8882]
Saving node 677 [jid:8881]
Saving node 678 [jid:8880]
Saving node 679 [jid:8879]
Saving node 680 [jid:8878]
Saving node 681 [jid:8877]
Saving node 682 [jid:8876]
Saving node 683 [jid:8875]
Saving node 684 [jid:8874]
Saving node 685 [jid:8873]
Saving node 686 [jid:8872]
Saving node 687 [jid:8871]
Saving node 688 [jid:8870]
Saving node 689 [jid:8868]
Saving node 690 [jid:8867]
Saving node 691 [jid:8866]
Saving node 112 [jid:8865]
Saving node 113 [jid:8864]
Saving node 692 [jid:8863]
Saving node 693 [jid:8862]
Saving node 694 [jid:8861]
Saving node 695 [jid:8860]
Saving node 696 [jid:8859]
Saving node 697 [jid:8858]
Saving node 698 [jid:8857]
Saving node 114 [jid:8856]
Saving node 699 [jid:8855]
Saving node 700 [jid:8854]
Saving node 701 [jid:8853]
Saving node 702 [jid:8852]
Saving node 703 [jid:8851]
Saving node 704 [jid:8850]
Saving node 705 [jid:8849]
Saving node 706 [jid:8848]
Saving node 707 [jid:8847]
Saving node 708 [jid:8846]
Saving node 709 [jid:8845]
Saving node 710 [jid:8844]
Saving node 711 [jid:8843]
Saving node 712 [jid:8842]
Saving node 713 [jid:8841]
Saving node 115 [jid:8840]
Saving node 714 [jid:8838]
Saving node 715 [jid:8837]
Saving node 116 [jid:8836]
Saving node 9221 [jid:8835]
Saving node 117 [jid:8834]
Saving node 118 [jid:8833]
Saving node 119 [jid:8832]
Saving node 120 [jid:8831]
Saving node 450 [jid:8830]
Found video embed 451 [jid:8829]
Saving node 451 [jid:8829]
Saving node 716 [jid:8828]
Saving node 717 [jid:8827]
Saving node 718 [jid:8826]
Saving node 719 [jid:8825]
Saving node 720 [jid:8824]
Saving node 721 [jid:8823]
Saving node 722 [jid:8822]
Saving node 723 [jid:8821]
Saving node 724 [jid:8820]
Saving node 725 [jid:8819]
Saving node 726 [jid:8818]
Saving node 727 [jid:8817]
Saving node 728 [jid:8816]
Saving node 729 [jid:8815]
Saving node 121 [jid:8814]
Saving node 122 [jid:8813]
Saving node 730 [jid:8812]
Saving node 123 [jid:8811]
Saving node 731 [jid:8810]
Saving node 732 [jid:8809]
Saving node 733 [jid:8807]
Saving node 734 [jid:8806]
Saving node 735 [jid:8805]
Saving node 736 [jid:8804]
Saving node 737 [jid:8803]
Saving node 738 [jid:8802]
Saving node 739 [jid:8801]
Saving node 740 [jid:8800]
Saving node 741 [jid:8799]
Saving node 742 [jid:8798]
Saving node 743 [jid:8797]
Saving node 744 [jid:8796]
Saving node 745 [jid:8795]
Saving node 746 [jid:8794]
Saving node 747 [jid:8793]
Saving node 748 [jid:8792]
Saving node 749 [jid:8791]
Saving node 750 [jid:8790]
Saving node 751 [jid:8789]
Saving node 752 [jid:8788]
Saving node 753 [jid:8787]
Saving node 754 [jid:8786]
Saving node 755 [jid:8785]
Saving node 756 [jid:8784]
Saving node 757 [jid:8783]
Saving node 758 [jid:8782]
Saving node 759 [jid:8781]
Saving node 760 [jid:8780]
Saving node 761 [jid:8779]
Saving node 124 [jid:8778]
Saving node 762 [jid:8777]
Saving node 763 [jid:8776]
Saving node 764 [jid:8775]
Saving node 765 [jid:8774]
Saving node 766 [jid:8773]
Saving node 767 [jid:8772]
Saving node 768 [jid:8771]
Saving node 769 [jid:8770]
Saving node 770 [jid:8769]
Saving node 125 [jid:8768]
[jid:8767 nid:126] Missing image file: public://images/blog_thumbs/110506blockballf.jpg
Saving node 126 [jid:8767]
Saving node 771 [jid:8766]
Saving node 772 [jid:8765]
Saving node 773 [jid:8764]
Saving node 774 [jid:8763]
Saving node 775 [jid:8762]
Saving node 776 [jid:8761]
Saving node 777 [jid:8760]
Saving node 778 [jid:8759]
Saving node 779 [jid:8758]
Saving node 8573 [jid:8757]
Saving node 780 [jid:8756]
Saving node 781 [jid:8755]
Saving node 782 [jid:8754]
Saving node 783 [jid:8753]
Saving node 784 [jid:8752]
Saving node 785 [jid:8751]
Saving node 786 [jid:8750]
Saving node 787 [jid:8749]
Saving node 788 [jid:8748]
Saving node 789 [jid:8747]
Saving node 790 [jid:8746]
Saving node 9293 [jid:8745]
Saving node 791 [jid:8744]
Saving node 792 [jid:8743]
Saving node 793 [jid:8742]
Saving node 794 [jid:8741]
Saving node 795 [jid:8740]
Saving node 796 [jid:8739]
Saving node 797 [jid:8738]
Saving node 798 [jid:8737]
Saving node 799 [jid:8736]
Saving node 800 [jid:8735]
Saving node 801 [jid:8734]
Saving node 802 [jid:8733]
Saving node 803 [jid:8732]
Saving node 804 [jid:8731]
Saving node 805 [jid:8730]
Saving node 806 [jid:8729]
Saving node 807 [jid:8728]
Saving node 808 [jid:8727]
Saving node 809 [jid:8726]
Saving node 810 [jid:8725]
Saving node 811 [jid:8724]
Saving node 812 [jid:8723]
Saving node 127 [jid:8722]
Saving node 128 [jid:8721]
Saving node 452 [jid:8719]
Saving node 813 [jid:8718]
Saving node 814 [jid:8717]
Saving node 815 [jid:8716]
Saving node 816 [jid:8715]
Saving node 817 [jid:8714]
Saving node 818 [jid:8713]
Saving node 819 [jid:8712]
Saving node 820 [jid:8711]
Saving node 821 [jid:8710]
Saving node 822 [jid:8709]
Saving node 129 [jid:8708]
Saving node 823 [jid:8707]
Saving node 824 [jid:8706]
Saving node 825 [jid:8705]
Saving node 826 [jid:8704]
Saving node 827 [jid:8703]
Saving node 828 [jid:8702]
Saving node 829 [jid:8701]
Saving node 830 [jid:8700]
Saving node 831 [jid:8699]
Saving node 130 [jid:8698]
Saving node 832 [jid:8697]
Saving node 833 [jid:8695]
Saving node 834 [jid:8694]
Saving node 835 [jid:8693]
Saving node 836 [jid:8692]
Saving node 131 [jid:8691]
Saving node 837 [jid:8690]
Saving node 132 [jid:8689]
Saving node 838 [jid:8688]
Saving node 839 [jid:8687]
Saving node 840 [jid:8686]
Saving node 133 [jid:8684]
Saving node 841 [jid:8683]
Saving node 842 [jid:8682]
Saving node 843 [jid:8681]
Saving node 134 [jid:8680]
Saving node 844 [jid:8679]
Saving node 845 [jid:8678]
Saving node 846 [jid:8677]
Saving node 9220 [jid:8676]
Saving node 847 [jid:8675]
Saving node 848 [jid:8674]
Saving node 849 [jid:8673]
Saving node 850 [jid:8672]
Saving node 851 [jid:8671]
Saving node 852 [jid:8670]
Saving node 135 [jid:8669]
Saving node 136 [jid:8668]
Saving node 137 [jid:8667]
Saving node 138 [jid:8666]
Saving node 853 [jid:8665]
Saving node 854 [jid:8664]
Saving node 8572 [jid:8663]
Saving node 855 [jid:8662]
Saving node 856 [jid:8661]
Saving node 139 [jid:8660]
Saving node 857 [jid:8659]
Saving node 858 [jid:8658]
Saving node 859 [jid:8657]
Saving node 140 [jid:8656]
Saving node 453 [jid:8655]
Saving node 141 [jid:8654]
Saving node 142 [jid:8653]
Saving node 143 [jid:8652]
Saving node 860 [jid:8651]
Saving node 454 [jid:8650]
Saving node 455 [jid:8649]
Saving node 456 [jid:8648]
Saving node 144 [jid:8647]
Saving node 861 [jid:8646]
Saving node 145 [jid:8645]
Saving node 457 [jid:8644]
Saving node 862 [jid:8643]
Saving node 863 [jid:8642]
Saving node 864 [jid:8641]
Saving node 865 [jid:8640]
Saving node 866 [jid:8639]
Saving node 458 [jid:8638]
Saving node 867 [jid:8637]
Saving node 146 [jid:8636]
Saving node 868 [jid:8635]
Saving node 869 [jid:8634]
Saving node 8571 [jid:8633]
Saving node 459 [jid:8632]
Saving node 147 [jid:8631]
Saving node 148 [jid:8630]
Found video embed 460 [jid:8629]
Saving node 460 [jid:8629]
Saving node 870 [jid:8628]
Saving node 871 [jid:8627]
Saving node 872 [jid:8626]
Saving node 873 [jid:8625]
Saving node 874 [jid:8624]
Saving node 875 [jid:8623]
Saving node 876 [jid:8622]
Saving node 877 [jid:8621]
Saving node 878 [jid:8620]
Saving node 879 [jid:8619]
Saving node 880 [jid:8618]
Saving node 881 [jid:8617]
Saving node 882 [jid:8616]
Saving node 883 [jid:8615]
Saving node 884 [jid:8614]
Saving node 885 [jid:8613]
Saving node 886 [jid:8612]
Saving node 887 [jid:8611]
Saving node 888 [jid:8610]
Saving node 889 [jid:8609]
Saving node 890 [jid:8608]
Saving node 891 [jid:8607]
Saving node 892 [jid:8606]
Saving node 893 [jid:8605]
Saving node 894 [jid:8604]
Saving node 895 [jid:8603]
Saving node 896 [jid:8602]
Saving node 897 [jid:8601]
Saving node 898 [jid:8600]
Saving node 899 [jid:8599]
Saving node 900 [jid:8598]
Saving node 901 [jid:8597]
Saving node 902 [jid:8596]
Saving node 903 [jid:8595]
Saving node 904 [jid:8594]
Saving node 905 [jid:8593]
Saving node 906 [jid:8592]
Saving node 907 [jid:8591]
Saving node 908 [jid:8590]
Saving node 909 [jid:8589]
Saving node 910 [jid:8588]
Saving node 911 [jid:8587]
Saving node 912 [jid:8586]
Saving node 149 [jid:8585]
Saving node 150 [jid:8584]
Saving node 913 [jid:8583]
Saving node 151 [jid:8582]
Saving node 914 [jid:8581]
Saving node 915 [jid:8580]
Saving node 916 [jid:8579]
Saving node 917 [jid:8578]
Saving node 918 [jid:8577]
Saving node 919 [jid:8576]
Saving node 920 [jid:8575]
Saving node 921 [jid:8574]
Saving node 922 [jid:8573]
Saving node 923 [jid:8572]
Saving node 924 [jid:8571]
Saving node 925 [jid:8570]
Saving node 926 [jid:8569]
Saving node 927 [jid:8568]
Saving node 928 [jid:8567]
Saving node 929 [jid:8566]
Saving node 930 [jid:8565]
Saving node 931 [jid:8564]
Saving node 932 [jid:8563]
Saving node 933 [jid:8562]
Saving node 934 [jid:8561]
Saving node 935 [jid:8560]
Saving node 152 [jid:8559]
Saving node 936 [jid:8558]
Saving node 461 [jid:8557]
Saving node 937 [jid:8556]
Saving node 938 [jid:8555]
Saving node 939 [jid:8554]
Saving node 940 [jid:8553]
Saving node 941 [jid:8552]
Saving node 153 [jid:8551]
Saving node 942 [jid:8550]
Saving node 943 [jid:8549]
Saving node 944 [jid:8548]
Saving node 945 [jid:8547]
Saving node 946 [jid:8546]
Saving node 154 [jid:8545]
Saving node 947 [jid:8544]
Saving node 948 [jid:8543]
Saving node 949 [jid:8542]
Saving node 462 [jid:8540]
Saving node 950 [jid:8539]
Saving node 951 [jid:8538]
Saving node 952 [jid:8537]
Saving node 155 [jid:8536]
Saving node 953 [jid:8535]
Saving node 954 [jid:8534]
Saving node 955 [jid:8533]
Saving node 956 [jid:8532]
Saving node 957 [jid:8531]
Saving node 958 [jid:8530]
Saving node 9219 [jid:8529]
Saving node 959 [jid:8528]
Saving node 960 [jid:8527]
Saving node 961 [jid:8526]
Saving node 962 [jid:8525]
Saving node 963 [jid:8524]
Saving node 463 [jid:8523]
Saving node 8570 [jid:8522]
Saving node 964 [jid:8521]
Saving node 965 [jid:8520]
Saving node 966 [jid:8519]
Saving node 967 [jid:8518]
Saving node 464 [jid:8517]
Saving node 968 [jid:8516]
Saving node 969 [jid:8515]
Saving node 156 [jid:8514]
Saving node 157 [jid:8513]
Saving node 970 [jid:8512]
Saving node 971 [jid:8511]
Saving node 972 [jid:8510]
Saving node 158 [jid:8509]
Saving node 9218 [jid:8508]
Saving node 159 [jid:8507]
Saving node 160 [jid:8506]
Saving node 973 [jid:8505]
Saving node 974 [jid:8504]
Saving node 975 [jid:8503]
Saving node 976 [jid:8502]
Saving node 977 [jid:8501]
Saving node 978 [jid:8500]
Saving node 979 [jid:8499]
Saving node 980 [jid:8498]
Saving node 981 [jid:8497]
Saving node 982 [jid:8496]
Saving node 983 [jid:8495]
Saving node 984 [jid:8494]
Saving node 985 [jid:8493]
Saving node 986 [jid:8492]
Saving node 987 [jid:8491]
Saving node 988 [jid:8490]
Saving node 989 [jid:8489]
Saving node 990 [jid:8488]
Saving node 991 [jid:8487]
Saving node 992 [jid:8486]
Saving node 993 [jid:8485]
Saving node 465 [jid:8484]
Saving node 8569 [jid:8483]
Saving node 161 [jid:8482]
Saving node 994 [jid:8481]
Saving node 466 [jid:8480]
Saving node 467 [jid:8479]
Saving node 468 [jid:8478]
Saving node 995 [jid:8477]
Saving node 996 [jid:8476]
Saving node 997 [jid:8475]
Saving node 998 [jid:8474]
Saving node 999 [jid:8473]
Saving node 1000 [jid:8472]
Saving node 1001 [jid:8471]
Saving node 1002 [jid:8470]
Saving node 469 [jid:8469]
Saving node 1003 [jid:8468]
Saving node 1004 [jid:8467]
Saving node 1005 [jid:8466]
Saving node 1006 [jid:8464]
Saving node 1007 [jid:8463]
Saving node 1008 [jid:8462]
Saving node 1009 [jid:8461]
Saving node 1010 [jid:8460]
Saving node 1011 [jid:8459]
Saving node 1012 [jid:8458]
Saving node 1013 [jid:8457]
Saving node 1014 [jid:8456]
Saving node 1015 [jid:8455]
Saving node 1016 [jid:8454]
Saving node 1017 [jid:8453]
Saving node 1018 [jid:8452]
Saving node 1019 [jid:8451]
Saving node 1020 [jid:8450]
Saving node 1021 [jid:8449]
Saving node 1022 [jid:8448]
Saving node 1023 [jid:8447]
Saving node 1024 [jid:8446]
Saving node 1025 [jid:8445]
Saving node 162 [jid:8444]
Saving node 1026 [jid:8443]
Saving node 1027 [jid:8442]
Saving node 1028 [jid:8441]
Saving node 1029 [jid:8440]
Saving node 1030 [jid:8439]
Saving node 1031 [jid:8438]
Saving node 1032 [jid:8437]
Saving node 1033 [jid:8436]
Saving node 1034 [jid:8435]
Saving node 1035 [jid:8434]
Saving node 1036 [jid:8433]
Saving node 1037 [jid:8432]
Saving node 1038 [jid:8431]
Saving node 1039 [jid:8430]
Saving node 1040 [jid:8429]
Saving node 1041 [jid:8428]
Saving node 1042 [jid:8427]
Saving node 1043 [jid:8426]
Saving node 1044 [jid:8425]
Saving node 1045 [jid:8424]
Saving node 1046 [jid:8423]
Saving node 1047 [jid:8422]
Saving node 1048 [jid:8421]
Saving node 1049 [jid:8420]
Saving node 163 [jid:8419]
Saving node 1050 [jid:8418]
Saving node 1051 [jid:8417]
Saving node 1052 [jid:8416]
Saving node 1053 [jid:8415]
Saving node 1054 [jid:8414]
Saving node 1055 [jid:8413]
Saving node 164 [jid:8412]
Saving node 165 [jid:8411]
Saving node 1056 [jid:8410]
Saving node 1057 [jid:8409]
Saving node 1058 [jid:8408]
Saving node 1059 [jid:8407]
Saving node 1060 [jid:8406]
Saving node 1061 [jid:8405]
Saving node 1062 [jid:8404]
Saving node 1063 [jid:8403]
Saving node 1064 [jid:8402]
Saving node 1065 [jid:8401]
Saving node 1066 [jid:8400]
Saving node 1067 [jid:8399]
Saving node 1068 [jid:8398]
Saving node 1069 [jid:8397]
Saving node 1070 [jid:8396]
Saving node 470 [jid:8395]
Saving node 471 [jid:8394]
Saving node 472 [jid:8393]
Saving node 473 [jid:8392]
Saving node 1071 [jid:8391]
Saving node 1072 [jid:8390]
Saving node 166 [jid:8389]
Saving node 1073 [jid:8388]
Saving node 1074 [jid:8387]
Saving node 1075 [jid:8386]
Saving node 1076 [jid:8385]
Saving node 1077 [jid:8384]
Saving node 1078 [jid:8383]
Saving node 1079 [jid:8382]
Saving node 1080 [jid:8381]
Saving node 167 [jid:8380]
Saving node 1081 [jid:8379]
Saving node 1082 [jid:8378]
Saving node 1083 [jid:8377]
Saving node 168 [jid:8376]
Saving node 169 [jid:8375]
Saving node 1084 [jid:8374]
Saving node 1085 [jid:8373]
Saving node 1086 [jid:8372]
Saving node 1087 [jid:8371]
Saving node 1088 [jid:8370]
Saving node 170 [jid:8368]
Saving node 8568 [jid:8367]
Saving node 1089 [jid:8366]
Saving node 1090 [jid:8365]
Saving node 1091 [jid:8364]
Saving node 474 [jid:8361]
Saving node 171 [jid:8360]
Saving node 172 [jid:8359]
Saving node 1092 [jid:8358]
Saving node 1093 [jid:8357]
Saving node 1094 [jid:8356]
Saving node 8567 [jid:8355]
Saving node 173 [jid:8354]
Saving node 1095 [jid:8353]
Saving node 1096 [jid:8352]
Saving node 1097 [jid:8351]
Saving node 1098 [jid:8350]
Saving node 174 [jid:8349]
Saving node 175 [jid:8348]
Saving node 176 [jid:8347]
Saving node 1099 [jid:8346]
Saving node 1100 [jid:8345]
Saving node 1101 [jid:8344]
Saving node 1102 [jid:8343]
Saving node 1103 [jid:8342]
Saving node 1104 [jid:8341]
Saving node 1105 [jid:8340]
Saving node 177 [jid:8339]
Saving node 1106 [jid:8338]
Saving node 178 [jid:8337]
Saving node 1107 [jid:8336]
Saving node 1108 [jid:8335]
Saving node 1109 [jid:8334]
Saving node 1110 [jid:8333]
Saving node 179 [jid:8332]
Saving node 1111 [jid:8331]
Saving node 1112 [jid:8330]
Saving node 1113 [jid:8329]
Saving node 1114 [jid:8328]
Saving node 1115 [jid:8327]
Saving node 1116 [jid:8326]
Saving node 1117 [jid:8325]
Saving node 1118 [jid:8324]
Saving node 1119 [jid:8323]
Saving node 1120 [jid:8322]
Saving node 1121 [jid:8321]
Saving node 180 [jid:8320]
Saving node 1122 [jid:8319]
Saving node 1123 [jid:8318]
Saving node 1124 [jid:8317]
Saving node 181 [jid:8316]
Saving node 1125 [jid:8315]
Saving node 1126 [jid:8314]
Saving node 1127 [jid:8313]
Saving node 1128 [jid:8312]
Saving node 1129 [jid:8311]
Saving node 182 [jid:8310]
Saving node 183 [jid:8309]
Saving node 184 [jid:8308]
Saving node 185 [jid:8307]
Saving node 186 [jid:8306]
Saving node 8566 [jid:8305]
Saving node 1130 [jid:8303]
Saving node 475 [jid:8302]
Saving node 1131 [jid:8301]
Saving node 187 [jid:8300]
Saving node 1132 [jid:8299]
Saving node 1133 [jid:8298]
Saving node 1134 [jid:8297]
Saving node 1135 [jid:8296]
Saving node 1136 [jid:8295]
Saving node 1137 [jid:8294]
Saving node 1138 [jid:8293]
Saving node 1139 [jid:8292]
Saving node 1140 [jid:8291]
Saving node 1141 [jid:8290]
Saving node 1142 [jid:8289]
Saving node 188 [jid:8288]
Saving node 1143 [jid:8287]
Saving node 1144 [jid:8286]
Saving node 1145 [jid:8285]
Saving node 1146 [jid:8284]
Saving node 1147 [jid:8283]
Saving node 1148 [jid:8282]
Saving node 1149 [jid:8281]
Saving node 1150 [jid:8280]
Saving node 1151 [jid:8279]
Saving node 1152 [jid:8278]
Saving node 1153 [jid:8277]
Saving node 1154 [jid:8276]
Saving node 1155 [jid:8274]
Saving node 1156 [jid:8273]
Saving node 1157 [jid:8272]
Saving node 1158 [jid:8271]
Saving node 1159 [jid:8270]
Saving node 1160 [jid:8269]
Saving node 1161 [jid:8268]
Saving node 1162 [jid:8267]
Saving node 1163 [jid:8266]
Saving node 1164 [jid:8265]
Saving node 1165 [jid:8264]
Saving node 1166 [jid:8263]
Saving node 1167 [jid:8262]
Saving node 1168 [jid:8261]
Saving node 1169 [jid:8260]
Saving node 1170 [jid:8259]
Saving node 1171 [jid:8258]
Saving node 1172 [jid:8257]
Saving node 1173 [jid:8256]
Saving node 1174 [jid:8255]
Saving node 1175 [jid:8254]
Saving node 1176 [jid:8253]
Saving node 1177 [jid:8252]
Saving node 1178 [jid:8251]
Saving node 1179 [jid:8250]
Saving node 1180 [jid:8249]
Saving node 1181 [jid:8248]
Saving node 1182 [jid:8247]
Saving node 1183 [jid:8244]
Saving node 1184 [jid:8243]
Saving node 1185 [jid:8242]
Saving node 1186 [jid:8241]
Saving node 1187 [jid:8240]
Saving node 1188 [jid:8239]
Saving node 1189 [jid:8238]
Saving node 189 [jid:8237]
Saving node 1190 [jid:8236]
Saving node 1191 [jid:8235]
Saving node 1192 [jid:8234]
Saving node 1193 [jid:8233]
Saving node 1194 [jid:8232]
Saving node 1195 [jid:8231]
Saving node 1196 [jid:8230]
Saving node 1197 [jid:8229]
Saving node 1198 [jid:8228]
Saving node 1199 [jid:8227]
Saving node 476 [jid:8226]
Saving node 477 [jid:8225]
Saving node 9217 [jid:8224]
Saving node 190 [jid:8223]
Saving node 1200 [jid:8222]
Saving node 1201 [jid:8221]
Saving node 1202 [jid:8220]
Saving node 1203 [jid:8219]
Saving node 1204 [jid:8218]
Saving node 191 [jid:8217]
Saving node 1205 [jid:8216]
Saving node 1206 [jid:8215]
Saving node 1207 [jid:8214]
Saving node 1208 [jid:8213]
Saving node 192 [jid:8212]
Saving node 193 [jid:8211]
Saving node 1209 [jid:8210]
Saving node 1210 [jid:8209]
Saving node 1211 [jid:8208]
Saving node 1212 [jid:8207]
Saving node 1213 [jid:8206]
Saving node 1214 [jid:8205]
Saving node 1215 [jid:8204]
Saving node 194 [jid:8203]
Saving node 1216 [jid:8202]
Saving node 1217 [jid:8201]
Saving node 1218 [jid:8200]
Saving node 1219 [jid:8199]
Saving node 195 [jid:8198]
Saving node 1220 [jid:8196]
Saving node 196 [jid:8195]
Saving node 8565 [jid:8194]
Saving node 478 [jid:8193]
Saving node 1221 [jid:8192]
Saving node 1222 [jid:8191]
Saving node 1223 [jid:8190]
Saving node 1224 [jid:8189]
Saving node 1225 [jid:8188]
Saving node 1226 [jid:8187]
Saving node 1227 [jid:8186]
Saving node 1228 [jid:8185]
Saving node 1229 [jid:8184]
Saving node 1230 [jid:8183]
Saving node 197 [jid:8182]
Saving node 198 [jid:8181]
Saving node 1231 [jid:8180]
Saving node 1232 [jid:8179]
Saving node 1233 [jid:8178]
Saving node 1234 [jid:8177]
Saving node 1235 [jid:8176]
Saving node 1236 [jid:8175]
Saving node 1237 [jid:8174]
Saving node 1238 [jid:8173]
Saving node 1239 [jid:8172]
Saving node 1240 [jid:8171]
Saving node 1241 [jid:8170]
Saving node 1242 [jid:8169]
Saving node 1243 [jid:8168]
Saving node 1244 [jid:8167]
Saving node 1245 [jid:8166]
Saving node 1246 [jid:8165]
Saving node 1247 [jid:8164]
Saving node 1248 [jid:8163]
Saving node 1249 [jid:8162]
Saving node 1250 [jid:8161]
Saving node 1251 [jid:8160]
Saving node 1252 [jid:8159]
Saving node 1253 [jid:8158]
Saving node 1254 [jid:8157]
Saving node 1255 [jid:8156]
Saving node 1256 [jid:8155]
Saving node 1257 [jid:8150]
Saving node 1258 [jid:8149]
Saving node 1259 [jid:8148]
Saving node 1260 [jid:8147]
Saving node 1261 [jid:8146]
Saving node 1262 [jid:8145]
Saving node 1263 [jid:8144]
Saving node 1264 [jid:8143]
Saving node 1265 [jid:8142]
Saving node 1266 [jid:8141]
Saving node 1267 [jid:8140]
Saving node 1268 [jid:8139]
Saving node 1269 [jid:8138]
Saving node 1270 [jid:8137]
Saving node 1271 [jid:8136]
Saving node 199 [jid:8135]
Saving node 200 [jid:8134]
Saving node 1272 [jid:8133]
Saving node 1273 [jid:8132]
Saving node 1274 [jid:8131]
Saving node 1275 [jid:8130]
Saving node 1276 [jid:8129]
Saving node 1277 [jid:8128]
Saving node 1278 [jid:8127]
Saving node 1279 [jid:8126]
Saving node 1280 [jid:8125]
Saving node 1281 [jid:8124]
Saving node 1282 [jid:8123]
Saving node 1283 [jid:8122]
Saving node 1284 [jid:8121]
Saving node 1285 [jid:8120]
Saving node 1286 [jid:8119]
Saving node 1287 [jid:8118]
Saving node 1288 [jid:8117]
Saving node 1289 [jid:8116]
Saving node 1290 [jid:8115]
Saving node 1291 [jid:8114]
Saving node 1292 [jid:8113]
Saving node 1293 [jid:8112]
Saving node 1294 [jid:8111]
Saving node 1295 [jid:8110]
Saving node 1296 [jid:8109]
Saving node 1297 [jid:8108]
Saving node 1298 [jid:8107]
Saving node 1299 [jid:8106]
Saving node 9216 [jid:8105]
Saving node 9215 [jid:8104]
Saving node 1300 [jid:8103]
Saving node 1301 [jid:8102]
Saving node 1302 [jid:8101]
Saving node 1303 [jid:8100]
Saving node 1304 [jid:8099]
Saving node 1305 [jid:8098]
Saving node 8576 [jid:8097]
Saving node 8577 [jid:8096]
Saving node 1306 [jid:8095]
Saving node 1307 [jid:8094]
Saving node 1308 [jid:8093]
Saving node 8578 [jid:8092]
Saving node 1309 [jid:8091]
Saving node 1310 [jid:8090]
Saving node 1311 [jid:8089]
Saving node 1312 [jid:8088]
Saving node 1313 [jid:8087]
Saving node 1314 [jid:8086]
Saving node 8579 [jid:8085]
Saving node 1315 [jid:8084]
Saving node 1316 [jid:8083]
Saving node 8580 [jid:8082]
Saving node 8581 [jid:8081]
Saving node 1317 [jid:8080]
Saving node 8582 [jid:8079]
Saving node 1318 [jid:8078]
Saving node 1319 [jid:8077]
Saving node 1320 [jid:8076]
Saving node 1321 [jid:8075]
Saving node 1322 [jid:8074]
Saving node 1323 [jid:8073]
Saving node 1324 [jid:8072]
Saving node 8583 [jid:8071]
Saving node 1325 [jid:8070]
Saving node 1326 [jid:8069]
Saving node 1327 [jid:8068]
Saving node 1328 [jid:8067]
Saving node 1329 [jid:8066]
Saving node 1330 [jid:8065]
Saving node 9214 [jid:8064]
Saving node 9213 [jid:8063]
Saving node 1331 [jid:8062]
Saving node 9212 [jid:8061]
Saving node 9211 [jid:8060]
Saving node 9210 [jid:8059]
Saving node 9209 [jid:8058]
Saving node 9208 [jid:8057]
Saving node 1332 [jid:8056]
Saving node 1333 [jid:8055]
Saving node 8584 [jid:8054]
Saving node 1334 [jid:8053]
Saving node 1335 [jid:8052]
Saving node 1336 [jid:8051]
Saving node 1337 [jid:8050]
Saving node 1338 [jid:8049]
Saving node 8564 [jid:8048]
Saving node 1339 [jid:8047]
Saving node 1340 [jid:8046]
Saving node 1341 [jid:8045]
Saving node 1342 [jid:8044]
Saving node 1343 [jid:8043]
Saving node 1344 [jid:8042]
Saving node 8563 [jid:8041]
Saving node 8585 [jid:8040]
Saving node 1345 [jid:8039]
Saving node 1346 [jid:8038]
Saving node 1347 [jid:8036]
Saving node 1348 [jid:8035]
Saving node 1349 [jid:8034]
Saving node 1350 [jid:8033]
Saving node 1351 [jid:8032]
Saving node 1352 [jid:8031]
Saving node 8586 [jid:8030]
Saving node 1353 [jid:8029]
Saving node 1354 [jid:8028]
Saving node 1355 [jid:8027]
Saving node 1356 [jid:8026]
Saving node 1357 [jid:8025]
Saving node 1358 [jid:8024]
Saving node 1359 [jid:8023]
Saving node 1360 [jid:8022]
Saving node 1361 [jid:8021]
Saving node 1362 [jid:8020]
Saving node 8587 [jid:8019]
Saving node 1363 [jid:8018]
Saving node 8588 [jid:8017]
Saving node 1364 [jid:8016]
Saving node 1365 [jid:8015]
Saving node 1366 [jid:8014]
Saving node 8589 [jid:8013]
Saving node 1367 [jid:8011]
Saving node 1368 [jid:8010]
Saving node 1369 [jid:8009]
Saving node 1370 [jid:8008]
Saving node 1371 [jid:8007]
Saving node 1372 [jid:8006]
Saving node 1373 [jid:8005]
Saving node 1374 [jid:8004]
Saving node 1375 [jid:8003]
Saving node 1376 [jid:8002]
Saving node 1377 [jid:8001]
Saving node 1378 [jid:8000]
Saving node 1379 [jid:7999]
Saving node 1380 [jid:7998]
Saving node 1381 [jid:7997]
Saving node 1382 [jid:7996]
Saving node 1383 [jid:7995]
Saving node 1384 [jid:7994]
Saving node 1385 [jid:7993]
Saving node 1386 [jid:7992]
Saving node 1387 [jid:7991]
Saving node 1388 [jid:7990]
Saving node 1389 [jid:7989]
Saving node 1390 [jid:7988]
Saving node 1391 [jid:7987]
Saving node 1392 [jid:7986]
Saving node 1393 [jid:7985]
Saving node 1394 [jid:7984]
Saving node 1395 [jid:7983]
Saving node 1396 [jid:7982]
Saving node 1397 [jid:7981]
Saving node 1398 [jid:7980]
Saving node 1399 [jid:7979]
Saving node 1400 [jid:7978]
Saving node 1401 [jid:7977]
Saving node 1402 [jid:7976]
Saving node 1403 [jid:7975]
Saving node 1404 [jid:7974]
Saving node 1405 [jid:7973]
Saving node 1406 [jid:7972]
Saving node 1407 [jid:7971]
Saving node 1408 [jid:7970]
Saving node 1409 [jid:7969]
Saving node 1410 [jid:7968]
Saving node 1411 [jid:7967]
Saving node 1412 [jid:7966]
Saving node 1413 [jid:7965]
Saving node 1414 [jid:7964]
Saving node 8562 [jid:7963]
Saving node 1415 [jid:7962]
Saving node 8590 [jid:7961]
Saving node 479 [jid:7960]
Saving node 1416 [jid:7959]
Saving node 1417 [jid:7958]
Saving node 8591 [jid:7957]
Saving node 1418 [jid:7956]
Saving node 1419 [jid:7955]
Saving node 1420 [jid:7954]
Saving node 8592 [jid:7953]
Saving node 1421 [jid:7952]
Saving node 1422 [jid:7951]
Saving node 1423 [jid:7950]
Saving node 1424 [jid:7949]
Saving node 1425 [jid:7948]
Saving node 1426 [jid:7947]
Saving node 376 [jid:7946]
Saving node 1427 [jid:7945]
Saving node 1428 [jid:7944]
Saving node 1429 [jid:7943]
Saving node 1430 [jid:7942]
Saving node 1431 [jid:7941]
Saving node 1432 [jid:7940]
Saving node 1433 [jid:7939]
Saving node 1434 [jid:7938]
Saving node 1435 [jid:7937]
Saving node 1436 [jid:7936]
Saving node 8561 [jid:7935]
Saving node 1437 [jid:7934]
Saving node 1438 [jid:7932]
Saving node 480 [jid:7931]
Saving node 1439 [jid:7930]
Saving node 1440 [jid:7929]
Saving node 1441 [jid:7928]
Saving node 1442 [jid:7927]
Saving node 1443 [jid:7926]
Saving node 1444 [jid:7925]
Saving node 1445 [jid:7924]
Saving node 1446 [jid:7923]
Saving node 1447 [jid:7922]
Saving node 1448 [jid:7921]
Saving node 1449 [jid:7920]
Saving node 1450 [jid:7919]
Saving node 8593 [jid:7918]
Saving node 1451 [jid:7917]
Saving node 8594 [jid:7916]
Saving node 8595 [jid:7915]
Saving node 1452 [jid:7914]
Saving node 1453 [jid:7913]
Saving node 1454 [jid:7912]
Saving node 1455 [jid:7911]
Saving node 1456 [jid:7910]
Saving node 1457 [jid:7909]
Saving node 1458 [jid:7908]
Saving node 1459 [jid:7907]
Saving node 1460 [jid:7906]
Saving node 1461 [jid:7905]
Saving node 1462 [jid:7904]
Saving node 1463 [jid:7903]
Saving node 1464 [jid:7902]
Saving node 1465 [jid:7901]
Saving node 1466 [jid:7900]
Saving node 1467 [jid:7899]
Saving node 1468 [jid:7898]
Saving node 1469 [jid:7897]
Saving node 1470 [jid:7896]
Saving node 1471 [jid:7895]
Saving node 1472 [jid:7894]
Saving node 1473 [jid:7893]
Saving node 8596 [jid:7892]
Saving node 8597 [jid:7891]
Saving node 481 [jid:7890]
Saving node 8560 [jid:7889]
Saving node 8598 [jid:7888]
Saving node 8599 [jid:7887]
Saving node 1474 [jid:7886]
Saving node 1475 [jid:7885]
Saving node 482 [jid:7884]
Saving node 1476 [jid:7883]
Saving node 1477 [jid:7882]
Saving node 483 [jid:7881]
Saving node 484 [jid:7880]
Saving node 1478 [jid:7879]
Saving node 8600 [jid:7878]
Saving node 8601 [jid:7877]
Saving node 1479 [jid:7876]
Saving node 1480 [jid:7875]
Saving node 1481 [jid:7874]
Saving node 1482 [jid:7873]
Saving node 1483 [jid:7872]
Saving node 1484 [jid:7871]
Saving node 1485 [jid:7870]
Saving node 1486 [jid:7869]
Saving node 1487 [jid:7868]
Saving node 1488 [jid:7867]
Saving node 1489 [jid:7866]
Saving node 1490 [jid:7865]
Saving node 1491 [jid:7864]
Saving node 1492 [jid:7863]
Saving node 1493 [jid:7862]
Saving node 1494 [jid:7861]
Saving node 1495 [jid:7860]
Saving node 1496 [jid:7859]
Saving node 1497 [jid:7858]
Saving node 1498 [jid:7857]
Saving node 1499 [jid:7856]
Saving node 1500 [jid:7855]
Saving node 1501 [jid:7854]
Saving node 1502 [jid:7853]
Saving node 1503 [jid:7852]
Saving node 1504 [jid:7851]
Saving node 1505 [jid:7850]
Saving node 1506 [jid:7849]
Saving node 1507 [jid:7848]
Saving node 1508 [jid:7847]
Saving node 1509 [jid:7846]
Saving node 1510 [jid:7845]
Saving node 1511 [jid:7844]
Saving node 1512 [jid:7843]
Saving node 1513 [jid:7842]
Saving node 1514 [jid:7841]
Saving node 1515 [jid:7840]
Saving node 1516 [jid:7839]
Saving node 1517 [jid:7838]
Saving node 1518 [jid:7837]
Saving node 1519 [jid:7836]
Saving node 1520 [jid:7835]

Fatal error: Allowed memory size of 268435456 bytes exhausted (tried to allocate 99 bytes) in /var/www/sites/summit-aw.prometdev.com/includes/database/database.inc on line 718
